[0.392s] DEBUG:colcon:Command line arguments: ['/usr/bin/colcon', 'build', '--symlink-install', '--packages-select', 'turtlebot4_python_move']
[0.392s] DEBUG:colcon:Parsed command line arguments: Namespace(log_base=None, log_level=None, verb_name='build', build_base='build', install_base='install', merge_install=False, symlink_install=True, test_result_base=None, continue_on_error=False, executor='parallel', parallel_workers=1, event_handlers=None, ignore_user_meta=False, metas=['./colcon.meta'], base_paths=['.'], packages_ignore=None, packages_ignore_regex=None, paths=None, packages_up_to=None, packages_up_to_regex=None, packages_above=None, packages_above_and_dependencies=None, packages_above_depth=None, packages_select_by_dep=None, packages_skip_by_dep=None, packages_skip_up_to=None, packages_select_build_failed=False, packages_skip_build_finished=False, packages_select_test_failures=False, packages_skip_test_passed=False, packages_select=['turtlebot4_python_move'], packages_skip=None, packages_select_regex=None, packages_skip_regex=None, packages_start=None, packages_end=None, allow_overriding=[], cmake_args=None, cmake_target=None, cmake_target_skip_unavailable=False, cmake_clean_cache=False, cmake_clean_first=False, cmake_force_configure=False, ament_cmake_args=None, catkin_cmake_args=None, catkin_skip_building_tests=False, verb_parser=<colcon_defaults.argument_parser.defaults.DefaultArgumentsDecorator object at 0x7f576383d690>, verb_extension=<colcon_core.verb.build.BuildVerb object at 0x7f57641a6e60>, main=<bound method BuildVerb.main of <colcon_core.verb.build.BuildVerb object at 0x7f57641a6e60>>)
[0.421s] Level 1:colcon.colcon_core.package_discovery:discover_packages(colcon_meta) check parameters
[0.421s] Level 1:colcon.colcon_core.package_discovery:discover_packages(recursive) check parameters
[0.421s] Level 1:colcon.colcon_core.package_discovery:discover_packages(ignore) check parameters
[0.421s] Level 1:colcon.colcon_core.package_discovery:discover_packages(path) check parameters
[0.421s] Level 1:colcon.colcon_core.package_discovery:discover_packages(colcon_meta) discover
[0.421s] Level 1:colcon.colcon_core.package_discovery:discover_packages(recursive) discover
[0.421s] INFO:colcon.colcon_core.package_discovery:Crawling recursively for packages in '/home/ubuntu/thu_mavi_eurovision'
[0.422s] Level 1:colcon.colcon_core.package_identification:_identify(.) by extensions ['ignore', 'ignore_ament_install']
[0.422s] Level 1:colcon.colcon_core.package_identification:_identify(.) by extension 'ignore'
[0.422s] Level 1:colcon.colcon_core.package_identification:_identify(.) by extension 'ignore_ament_install'
[0.422s] Level 1:colcon.colcon_core.package_identification:_identify(.) by extensions ['colcon_pkg']
[0.422s] Level 1:colcon.colcon_core.package_identification:_identify(.) by extension 'colcon_pkg'
[0.422s] Level 1:colcon.colcon_core.package_identification:_identify(.) by extensions ['colcon_meta']
[0.422s] Level 1:colcon.colcon_core.package_identification:_identify(.) by extension 'colcon_meta'
[0.422s] Level 1:colcon.colcon_core.package_identification:_identify(.) by extensions ['ros']
[0.422s] Level 1:colcon.colcon_core.package_identification:_identify(.) by extension 'ros'
[0.428s] Level 1:colcon.colcon_core.package_identification:_identify(.) by extensions ['cmake', 'python']
[0.428s] Level 1:colcon.colcon_core.package_identification:_identify(.) by extension 'cmake'
[0.428s] Level 1:colcon.colcon_core.package_identification:_identify(.) by extension 'python'
[0.428s] Level 1:colcon.colcon_core.package_identification:_identify(.) by extensions ['python_setup_py']
[0.429s] Level 1:colcon.colcon_core.package_identification:_identify(.) by extension 'python_setup_py'
[0.429s] Level 1:colcon.colcon_core.package_identification:_identify(build) by extensions ['ignore', 'ignore_ament_install']
[0.429s] Level 1:colcon.colcon_core.package_identification:_identify(build) by extension 'ignore'
[0.429s] Level 1:colcon.colcon_core.package_identification:_identify(build) ignored
[0.429s] Level 1:colcon.colcon_core.package_identification:_identify(camera_mount) by extensions ['ignore', 'ignore_ament_install']
[0.429s] Level 1:colcon.colcon_core.package_identification:_identify(camera_mount) by extension 'ignore'
[0.429s] Level 1:colcon.colcon_core.package_identification:_identify(camera_mount) by extension 'ignore_ament_install'
[0.429s] Level 1:colcon.colcon_core.package_identification:_identify(camera_mount) by extensions ['colcon_pkg']
[0.429s] Level 1:colcon.colcon_core.package_identification:_identify(camera_mount) by extension 'colcon_pkg'
[0.429s] Level 1:colcon.colcon_core.package_identification:_identify(camera_mount) by extensions ['colcon_meta']
[0.429s] Level 1:colcon.colcon_core.package_identification:_identify(camera_mount) by extension 'colcon_meta'
[0.429s] Level 1:colcon.colcon_core.package_identification:_identify(camera_mount) by extensions ['ros']
[0.429s] Level 1:colcon.colcon_core.package_identification:_identify(camera_mount) by extension 'ros'
[0.429s] Level 1:colcon.colcon_core.package_identification:_identify(camera_mount) by extensions ['cmake', 'python']
[0.429s] Level 1:colcon.colcon_core.package_identification:_identify(camera_mount) by extension 'cmake'
[0.429s] Level 1:colcon.colcon_core.package_identification:_identify(camera_mount) by extension 'python'
[0.429s] Level 1:colcon.colcon_core.package_identification:_identify(camera_mount) by extensions ['python_setup_py']
[0.429s] Level 1:colcon.colcon_core.package_identification:_identify(camera_mount) by extension 'python_setup_py'
[0.429s] Level 1:colcon.colcon_core.package_identification:_identify(install) by extensions ['ignore', 'ignore_ament_install']
[0.429s] Level 1:colcon.colcon_core.package_identification:_identify(install) by extension 'ignore'
[0.429s] Level 1:colcon.colcon_core.package_identification:_identify(install) ignored
[0.429s] Level 1:colcon.colcon_core.package_identification:_identify(log) by extensions ['ignore', 'ignore_ament_install']
[0.429s] Level 1:colcon.colcon_core.package_identification:_identify(log) by extension 'ignore'
[0.429s] Level 1:colcon.colcon_core.package_identification:_identify(log) ignored
[0.429s] Level 1:colcon.colcon_core.package_identification:_identify(opencv-test) by extensions ['ignore', 'ignore_ament_install']
[0.429s] Level 1:colcon.colcon_core.package_identification:_identify(opencv-test) by extension 'ignore'
[0.429s] Level 1:colcon.colcon_core.package_identification:_identify(opencv-test) by extension 'ignore_ament_install'
[0.429s] Level 1:colcon.colcon_core.package_identification:_identify(opencv-test) by extensions ['colcon_pkg']
[0.429s] Level 1:colcon.colcon_core.package_identification:_identify(opencv-test) by extension 'colcon_pkg'
[0.429s] Level 1:colcon.colcon_core.package_identification:_identify(opencv-test) by extensions ['colcon_meta']
[0.429s] Level 1:colcon.colcon_core.package_identification:_identify(opencv-test) by extension 'colcon_meta'
[0.430s] Level 1:colcon.colcon_core.package_identification:_identify(opencv-test) by extensions ['ros']
[0.430s] Level 1:colcon.colcon_core.package_identification:_identify(opencv-test) by extension 'ros'
[0.430s] Level 1:colcon.colcon_core.package_identification:_identify(opencv-test) by extensions ['cmake', 'python']
[0.430s] Level 1:colcon.colcon_core.package_identification:_identify(opencv-test) by extension 'cmake'
[0.430s] Level 1:colcon.colcon_core.package_identification:_identify(opencv-test) by extension 'python'
[0.430s] Level 1:colcon.colcon_core.package_identification:_identify(opencv-test) by extensions ['python_setup_py']
[0.430s] Level 1:colcon.colcon_core.package_identification:_identify(opencv-test) by extension 'python_setup_py'
[0.430s] Level 1:colcon.colcon_core.package_identification:_identify(pythontest) by extensions ['ignore', 'ignore_ament_install']
[0.430s] Level 1:colcon.colcon_core.package_identification:_identify(pythontest) by extension 'ignore'
[0.430s] Level 1:colcon.colcon_core.package_identification:_identify(pythontest) by extension 'ignore_ament_install'
[0.430s] Level 1:colcon.colcon_core.package_identification:_identify(pythontest) by extensions ['colcon_pkg']
[0.430s] Level 1:colcon.colcon_core.package_identification:_identify(pythontest) by extension 'colcon_pkg'
[0.430s] Level 1:colcon.colcon_core.package_identification:_identify(pythontest) by extensions ['colcon_meta']
[0.430s] Level 1:colcon.colcon_core.package_identification:_identify(pythontest) by extension 'colcon_meta'
[0.430s] Level 1:colcon.colcon_core.package_identification:_identify(pythontest) by extensions ['ros']
[0.430s] Level 1:colcon.colcon_core.package_identification:_identify(pythontest) by extension 'ros'
[0.430s] Level 1:colcon.colcon_core.package_identification:_identify(pythontest) by extensions ['cmake', 'python']
[0.430s] Level 1:colcon.colcon_core.package_identification:_identify(pythontest) by extension 'cmake'
[0.430s] Level 1:colcon.colcon_core.package_identification:_identify(pythontest) by extension 'python'
[0.430s] Level 1:colcon.colcon_core.package_identification:_identify(pythontest) by extensions ['python_setup_py']
[0.430s] Level 1:colcon.colcon_core.package_identification:_identify(pythontest) by extension 'python_setup_py'
[0.430s] Level 1:colcon.colcon_core.package_identification:_identify(pythontest/turtlebot4_python_tutorials) by extensions ['ignore', 'ignore_ament_install']
[0.430s] Level 1:colcon.colcon_core.package_identification:_identify(pythontest/turtlebot4_python_tutorials) by extension 'ignore'
[0.430s] Level 1:colcon.colcon_core.package_identification:_identify(pythontest/turtlebot4_python_tutorials) by extension 'ignore_ament_install'
[0.430s] Level 1:colcon.colcon_core.package_identification:_identify(pythontest/turtlebot4_python_tutorials) by extensions ['colcon_pkg']
[0.430s] Level 1:colcon.colcon_core.package_identification:_identify(pythontest/turtlebot4_python_tutorials) by extension 'colcon_pkg'
[0.430s] Level 1:colcon.colcon_core.package_identification:_identify(pythontest/turtlebot4_python_tutorials) by extensions ['colcon_meta']
[0.430s] Level 1:colcon.colcon_core.package_identification:_identify(pythontest/turtlebot4_python_tutorials) by extension 'colcon_meta'
[0.430s] Level 1:colcon.colcon_core.package_identification:_identify(pythontest/turtlebot4_python_tutorials) by extensions ['ros']
[0.430s] Level 1:colcon.colcon_core.package_identification:_identify(pythontest/turtlebot4_python_tutorials) by extension 'ros'
[0.432s] DEBUG:colcon.colcon_core.package_identification:Package 'pythontest/turtlebot4_python_tutorials' with type 'ros.ament_python' and name 'turtlebot4_python_tutorials'
[0.433s] Level 1:colcon.colcon_core.package_identification:_identify(resources) by extensions ['ignore', 'ignore_ament_install']
[0.433s] Level 1:colcon.colcon_core.package_identification:_identify(resources) by extension 'ignore'
[0.433s] Level 1:colcon.colcon_core.package_identification:_identify(resources) by extension 'ignore_ament_install'
[0.433s] Level 1:colcon.colcon_core.package_identification:_identify(resources) by extensions ['colcon_pkg']
[0.433s] Level 1:colcon.colcon_core.package_identification:_identify(resources) by extension 'colcon_pkg'
[0.433s] Level 1:colcon.colcon_core.package_identification:_identify(resources) by extensions ['colcon_meta']
[0.433s] Level 1:colcon.colcon_core.package_identification:_identify(resources) by extension 'colcon_meta'
[0.433s] Level 1:colcon.colcon_core.package_identification:_identify(resources) by extensions ['ros']
[0.433s] Level 1:colcon.colcon_core.package_identification:_identify(resources) by extension 'ros'
[0.433s] Level 1:colcon.colcon_core.package_identification:_identify(resources) by extensions ['cmake', 'python']
[0.433s] Level 1:colcon.colcon_core.package_identification:_identify(resources) by extension 'cmake'
[0.433s] Level 1:colcon.colcon_core.package_identification:_identify(resources) by extension 'python'
[0.433s] Level 1:colcon.colcon_core.package_identification:_identify(resources) by extensions ['python_setup_py']
[0.433s] Level 1:colcon.colcon_core.package_identification:_identify(resources) by extension 'python_setup_py'
[0.433s] Level 1:colcon.colcon_core.package_identification:_identify(src) by extensions ['ignore', 'ignore_ament_install']
[0.433s] Level 1:colcon.colcon_core.package_identification:_identify(src) by extension 'ignore'
[0.433s] Level 1:colcon.colcon_core.package_identification:_identify(src) by extension 'ignore_ament_install'
[0.433s] Level 1:colcon.colcon_core.package_identification:_identify(src) by extensions ['colcon_pkg']
[0.433s] Level 1:colcon.colcon_core.package_identification:_identify(src) by extension 'colcon_pkg'
[0.433s] Level 1:colcon.colcon_core.package_identification:_identify(src) by extensions ['colcon_meta']
[0.433s] Level 1:colcon.colcon_core.package_identification:_identify(src) by extension 'colcon_meta'
[0.433s] Level 1:colcon.colcon_core.package_identification:_identify(src) by extensions ['ros']
[0.433s] Level 1:colcon.colcon_core.package_identification:_identify(src) by extension 'ros'
[0.433s] Level 1:colcon.colcon_core.package_identification:_identify(src) by extensions ['cmake', 'python']
[0.433s] Level 1:colcon.colcon_core.package_identification:_identify(src) by extension 'cmake'
[0.433s] Level 1:colcon.colcon_core.package_identification:_identify(src) by extension 'python'
[0.433s] Level 1:colcon.colcon_core.package_identification:_identify(src) by extensions ['python_setup_py']
[0.433s] Level 1:colcon.colcon_core.package_identification:_identify(src) by extension 'python_setup_py'
[0.433s] Level 1:colcon.colcon_core.package_identification:_identify(turtlebot4_python_move) by extensions ['ignore', 'ignore_ament_install']
[0.433s] Level 1:colcon.colcon_core.package_identification:_identify(turtlebot4_python_move) by extension 'ignore'
[0.433s] Level 1:colcon.colcon_core.package_identification:_identify(turtlebot4_python_move) by extension 'ignore_ament_install'
[0.433s] Level 1:colcon.colcon_core.package_identification:_identify(turtlebot4_python_move) by extensions ['colcon_pkg']
[0.433s] Level 1:colcon.colcon_core.package_identification:_identify(turtlebot4_python_move) by extension 'colcon_pkg'
[0.433s] Level 1:colcon.colcon_core.package_identification:_identify(turtlebot4_python_move) by extensions ['colcon_meta']
[0.433s] Level 1:colcon.colcon_core.package_identification:_identify(turtlebot4_python_move) by extension 'colcon_meta'
[0.434s] Level 1:colcon.colcon_core.package_identification:_identify(turtlebot4_python_move) by extensions ['ros']
[0.434s] Level 1:colcon.colcon_core.package_identification:_identify(turtlebot4_python_move) by extension 'ros'
[0.434s] DEBUG:colcon.colcon_core.package_identification:Package 'turtlebot4_python_move' with type 'ros.ament_python' and name 'turtlebot4_python_move'
[0.434s] Level 1:colcon.colcon_core.package_identification:_identify(yolo-test) by extensions ['ignore', 'ignore_ament_install']
[0.434s] Level 1:colcon.colcon_core.package_identification:_identify(yolo-test) by extension 'ignore'
[0.434s] Level 1:colcon.colcon_core.package_identification:_identify(yolo-test) by extension 'ignore_ament_install'
[0.434s] Level 1:colcon.colcon_core.package_identification:_identify(yolo-test) by extensions ['colcon_pkg']
[0.434s] Level 1:colcon.colcon_core.package_identification:_identify(yolo-test) by extension 'colcon_pkg'
[0.434s] Level 1:colcon.colcon_core.package_identification:_identify(yolo-test) by extensions ['colcon_meta']
[0.434s] Level 1:colcon.colcon_core.package_identification:_identify(yolo-test) by extension 'colcon_meta'
[0.434s] Level 1:colcon.colcon_core.package_identification:_identify(yolo-test) by extensions ['ros']
[0.434s] Level 1:colcon.colcon_core.package_identification:_identify(yolo-test) by extension 'ros'
[0.434s] Level 1:colcon.colcon_core.package_identification:_identify(yolo-test) by extensions ['cmake', 'python']
[0.434s] Level 1:colcon.colcon_core.package_identification:_identify(yolo-test) by extension 'cmake'
[0.434s] Level 1:colcon.colcon_core.package_identification:_identify(yolo-test) by extension 'python'
[0.434s] Level 1:colcon.colcon_core.package_identification:_identify(yolo-test) by extensions ['python_setup_py']
[0.434s] Level 1:colcon.colcon_core.package_identification:_identify(yolo-test) by extension 'python_setup_py'
[0.434s] Level 1:colcon.colcon_core.package_discovery:discover_packages(recursive) using defaults
[0.434s] Level 1:colcon.colcon_core.package_discovery:discover_packages(ignore) discover
[0.434s] Level 1:colcon.colcon_core.package_discovery:discover_packages(ignore) using defaults
[0.434s] Level 1:colcon.colcon_core.package_discovery:discover_packages(path) discover
[0.434s] Level 1:colcon.colcon_core.package_discovery:discover_packages(path) using defaults
[0.452s] INFO:colcon.colcon_core.package_selection:Skipping not selected package 'turtlebot4_python_tutorials' in 'pythontest/turtlebot4_python_tutorials'
[0.453s] Level 1:colcon.colcon_core.package_discovery:discover_packages(prefix_path) check parameters
[0.453s] Level 1:colcon.colcon_core.package_discovery:discover_packages(prefix_path) discover
[0.454s] WARNING:colcon.colcon_core.prefix_path.colcon:The path '/home/ubuntu/thu_mavi_eurovision/turtlebot4_python_move/install' in the environment variable COLCON_PREFIX_PATH doesn't exist
[0.456s] DEBUG:colcon.colcon_installed_package_information.package_discovery:Found 2 installed packages in /home/ubuntu/thu_mavi_eurovision/install
[0.457s] DEBUG:colcon.colcon_installed_package_information.package_discovery:Found 4 installed packages in /home/ubuntu/turtlebot4_ws/install
[0.460s] DEBUG:colcon.colcon_installed_package_information.package_discovery:Found 433 installed packages in /opt/ros/humble
[0.461s] Level 1:colcon.colcon_core.package_discovery:discover_packages(prefix_path) using defaults
[0.614s] Level 5:colcon.colcon_core.verb:set package 'turtlebot4_python_move' build argument 'cmake_args' from command line to 'None'
[0.614s] Level 5:colcon.colcon_core.verb:set package 'turtlebot4_python_move' build argument 'cmake_target' from command line to 'None'
[0.614s] Level 5:colcon.colcon_core.verb:set package 'turtlebot4_python_move' build argument 'cmake_target_skip_unavailable' from command line to 'False'
[0.614s] Level 5:colcon.colcon_core.verb:set package 'turtlebot4_python_move' build argument 'cmake_clean_cache' from command line to 'False'
[0.614s] Level 5:colcon.colcon_core.verb:set package 'turtlebot4_python_move' build argument 'cmake_clean_first' from command line to 'False'
[0.615s] Level 5:colcon.colcon_core.verb:set package 'turtlebot4_python_move' build argument 'cmake_force_configure' from command line to 'False'
[0.615s] Level 5:colcon.colcon_core.verb:set package 'turtlebot4_python_move' build argument 'ament_cmake_args' from command line to 'None'
[0.615s] Level 5:colcon.colcon_core.verb:set package 'turtlebot4_python_move' build argument 'catkin_cmake_args' from command line to 'None'
[0.615s] Level 5:colcon.colcon_core.verb:set package 'turtlebot4_python_move' build argument 'catkin_skip_building_tests' from command line to 'False'
[0.615s] DEBUG:colcon.colcon_core.verb:Building package 'turtlebot4_python_move' with the following arguments: {'ament_cmake_args': None, 'build_base': '/home/ubuntu/thu_mavi_eurovision/build/turtlebot4_python_move', 'catkin_cmake_args': None, 'catkin_skip_building_tests': False, 'cmake_args': None, 'cmake_clean_cache': False, 'cmake_clean_first': False, 'cmake_force_configure': False, 'cmake_target': None, 'cmake_target_skip_unavailable': False, 'install_base': '/home/ubuntu/thu_mavi_eurovision/install/turtlebot4_python_move', 'merge_install': False, 'path': '/home/ubuntu/thu_mavi_eurovision/turtlebot4_python_move', 'symlink_install': True, 'test_result_base': None}
[0.615s] INFO:colcon.colcon_core.executor:Executing jobs using 'parallel' executor
[0.621s] DEBUG:colcon.colcon_parallel_executor.executor.parallel:run_until_complete
[0.622s] INFO:colcon.colcon_ros.task.ament_python.build:Building ROS package in '/home/ubuntu/thu_mavi_eurovision/turtlebot4_python_move' with build type 'ament_python'
[0.622s] Level 1:colcon.colcon_core.shell:create_environment_hook('turtlebot4_python_move', 'ament_prefix_path')
[0.630s] INFO:colcon.colcon_core.plugin_system:Skipping extension 'colcon_core.shell.bat': Not used on non-Windows systems
[0.630s] INFO:colcon.colcon_core.shell:Creating environment hook '/home/ubuntu/thu_mavi_eurovision/install/turtlebot4_python_move/share/turtlebot4_python_move/hook/ament_prefix_path.ps1'
[0.631s] INFO:colcon.colcon_core.shell:Creating environment descriptor '/home/ubuntu/thu_mavi_eurovision/install/turtlebot4_python_move/share/turtlebot4_python_move/hook/ament_prefix_path.dsv'
[0.631s] INFO:colcon.colcon_core.shell:Creating environment hook '/home/ubuntu/thu_mavi_eurovision/install/turtlebot4_python_move/share/turtlebot4_python_move/hook/ament_prefix_path.sh'
[0.632s] INFO:colcon.colcon_core.shell:Skip shell extension 'powershell' for command environment: Not usable outside of PowerShell
[0.632s] DEBUG:colcon.colcon_core.shell:Skip shell extension 'dsv' for command environment
[1.009s] INFO:colcon.colcon_core.task.python.build:Building Python package in '/home/ubuntu/thu_mavi_eurovision/turtlebot4_python_move'
[1.010s] INFO:colcon.colcon_core.shell:Skip shell extension 'powershell' for command environment: Not usable outside of PowerShell
[1.010s] DEBUG:colcon.colcon_core.shell:Skip shell extension 'dsv' for command environment
[1.599s] DEBUG:colcon.colcon_core.event_handler.log_command:Invoking command in '/home/ubuntu/thu_mavi_eurovision/build/turtlebot4_python_move': PYTHONPATH=/home/ubuntu/thu_mavi_eurovision/build/turtlebot4_python_move/prefix_override:/home/ubuntu/thu_mavi_eurovision/install/turtlebot4_python_move/lib/python3.10/site-packages:${PYTHONPATH} /usr/bin/python3 setup.py develop --editable --build-directory /home/ubuntu/thu_mavi_eurovision/build/turtlebot4_python_move/build --no-deps install_data
[2.259s] Level 1:colcon.colcon_core.shell:create_environment_hook('turtlebot4_python_move', 'pythonpath_develop')
[2.260s] INFO:colcon.colcon_core.shell:Creating environment hook '/home/ubuntu/thu_mavi_eurovision/build/turtlebot4_python_move/share/turtlebot4_python_move/hook/pythonpath_develop.ps1'
[2.263s] DEBUG:colcon.colcon_core.event_handler.log_command:Invoked command in '/home/ubuntu/thu_mavi_eurovision/build/turtlebot4_python_move' returned '0': PYTHONPATH=/home/ubuntu/thu_mavi_eurovision/build/turtlebot4_python_move/prefix_override:/home/ubuntu/thu_mavi_eurovision/install/turtlebot4_python_move/lib/python3.10/site-packages:${PYTHONPATH} /usr/bin/python3 setup.py develop --editable --build-directory /home/ubuntu/thu_mavi_eurovision/build/turtlebot4_python_move/build --no-deps install_data
[2.271s] INFO:colcon.colcon_core.shell:Creating environment descriptor '/home/ubuntu/thu_mavi_eurovision/build/turtlebot4_python_move/share/turtlebot4_python_move/hook/pythonpath_develop.dsv'
[2.271s] INFO:colcon.colcon_core.shell:Creating environment hook '/home/ubuntu/thu_mavi_eurovision/build/turtlebot4_python_move/share/turtlebot4_python_move/hook/pythonpath_develop.sh'
[2.297s] Level 1:colcon.colcon_core.environment:checking '/home/ubuntu/thu_mavi_eurovision/install/turtlebot4_python_move' for CMake module files
[2.298s] Level 1:colcon.colcon_core.environment:checking '/home/ubuntu/thu_mavi_eurovision/install/turtlebot4_python_move' for CMake config files
[2.298s] Level 1:colcon.colcon_core.environment:checking '/home/ubuntu/thu_mavi_eurovision/install/turtlebot4_python_move/lib'
[2.298s] Level 1:colcon.colcon_core.environment:checking '/home/ubuntu/thu_mavi_eurovision/install/turtlebot4_python_move/bin'
[2.298s] Level 1:colcon.colcon_core.environment:checking '/home/ubuntu/thu_mavi_eurovision/install/turtlebot4_python_move/lib/pkgconfig/turtlebot4_python_move.pc'
[2.299s] Level 1:colcon.colcon_core.environment:checking '/home/ubuntu/thu_mavi_eurovision/install/turtlebot4_python_move/lib/python3.10/site-packages'
[2.299s] Level 1:colcon.colcon_core.shell:create_environment_hook('turtlebot4_python_move', 'pythonpath')
[2.299s] INFO:colcon.colcon_core.shell:Creating environment hook '/home/ubuntu/thu_mavi_eurovision/install/turtlebot4_python_move/share/turtlebot4_python_move/hook/pythonpath.ps1'
[2.300s] INFO:colcon.colcon_core.shell:Creating environment descriptor '/home/ubuntu/thu_mavi_eurovision/install/turtlebot4_python_move/share/turtlebot4_python_move/hook/pythonpath.dsv'
[2.301s] INFO:colcon.colcon_core.shell:Creating environment hook '/home/ubuntu/thu_mavi_eurovision/install/turtlebot4_python_move/share/turtlebot4_python_move/hook/pythonpath.sh'
[2.301s] Level 1:colcon.colcon_core.environment:checking '/home/ubuntu/thu_mavi_eurovision/install/turtlebot4_python_move/bin'
[2.301s] Level 1:colcon.colcon_core.environment:create_environment_scripts_only(turtlebot4_python_move)
[2.302s] INFO:colcon.colcon_core.shell:Creating package script '/home/ubuntu/thu_mavi_eurovision/install/turtlebot4_python_move/share/turtlebot4_python_move/package.ps1'
[2.306s] INFO:colcon.colcon_core.shell:Creating package descriptor '/home/ubuntu/thu_mavi_eurovision/install/turtlebot4_python_move/share/turtlebot4_python_move/package.dsv'
[2.307s] INFO:colcon.colcon_core.shell:Creating package script '/home/ubuntu/thu_mavi_eurovision/install/turtlebot4_python_move/share/turtlebot4_python_move/package.sh'
[2.310s] INFO:colcon.colcon_core.shell:Creating package script '/home/ubuntu/thu_mavi_eurovision/install/turtlebot4_python_move/share/turtlebot4_python_move/package.bash'
[2.310s] INFO:colcon.colcon_core.shell:Creating package script '/home/ubuntu/thu_mavi_eurovision/install/turtlebot4_python_move/share/turtlebot4_python_move/package.zsh'
[2.311s] Level 1:colcon.colcon_core.environment:create_file_with_runtime_dependencies(/home/ubuntu/thu_mavi_eurovision/install/turtlebot4_python_move/share/colcon-core/packages/turtlebot4_python_move)
[2.312s] DEBUG:colcon.colcon_parallel_executor.executor.parallel:closing loop
[2.312s] DEBUG:colcon.colcon_parallel_executor.executor.parallel:loop closed
[2.312s] DEBUG:colcon.colcon_parallel_executor.executor.parallel:run_until_complete finished with '0'
[2.312s] DEBUG:colcon.colcon_core.event_reactor:joining thread
[2.329s] INFO:colcon.colcon_core.plugin_system:Skipping extension 'colcon_notification.desktop_notification.terminal_notifier': Not used on non-Darwin systems
[2.329s] INFO:colcon.colcon_core.plugin_system:Skipping extension 'colcon_notification.desktop_notification.win32': Not used on non-Windows systems
[2.329s] INFO:colcon.colcon_notification.desktop_notification:Sending desktop notification using 'notify2'
[2.380s] DEBUG:colcon.colcon_core.event_reactor:joined thread
[2.381s] INFO:colcon.colcon_core.shell:Creating prefix script '/home/ubuntu/thu_mavi_eurovision/install/local_setup.ps1'
[2.382s] INFO:colcon.colcon_core.shell:Creating prefix util module '/home/ubuntu/thu_mavi_eurovision/install/_local_setup_util_ps1.py'
[2.393s] INFO:colcon.colcon_core.shell:Creating prefix chain script '/home/ubuntu/thu_mavi_eurovision/install/setup.ps1'
[2.397s] INFO:colcon.colcon_core.shell:Creating prefix script '/home/ubuntu/thu_mavi_eurovision/install/local_setup.sh'
[2.397s] INFO:colcon.colcon_core.shell:Creating prefix util module '/home/ubuntu/thu_mavi_eurovision/install/_local_setup_util_sh.py'
[2.398s] INFO:colcon.colcon_core.shell:Creating prefix chain script '/home/ubuntu/thu_mavi_eurovision/install/setup.sh'
[2.402s] INFO:colcon.colcon_core.shell:Creating prefix script '/home/ubuntu/thu_mavi_eurovision/install/local_setup.bash'
[2.402s] INFO:colcon.colcon_core.shell:Creating prefix chain script '/home/ubuntu/thu_mavi_eurovision/install/setup.bash'
[2.406s] INFO:colcon.colcon_core.shell:Creating prefix script '/home/ubuntu/thu_mavi_eurovision/install/local_setup.zsh'
[2.406s] INFO:colcon.colcon_core.shell:Creating prefix chain script '/home/ubuntu/thu_mavi_eurovision/install/setup.zsh'
