[0.976s] Invoking command in '/home/ubuntu/thu_mavi_eurovision/build/turtlebot4_python_move': PYTHONPATH=/home/ubuntu/thu_mavi_eurovision/build/turtlebot4_python_move/prefix_override:/home/ubuntu/thu_mavi_eurovision/install/turtlebot4_python_move/lib/python3.10/site-packages:${PYTHONPATH} /usr/bin/python3 setup.py develop --editable --build-directory /home/ubuntu/thu_mavi_eurovision/build/turtlebot4_python_move/build --no-deps install_data
[1.346s] running develop
[1.351s] /usr/lib/python3/dist-packages/setuptools/command/easy_install.py:158: EasyInstallDeprecationWarning: easy_install command is deprecated. Use build and pip and other standards-based tools.
[1.351s]   warnings.warn(
[1.354s] /usr/lib/python3/dist-packages/setuptools/command/install.py:34: SetuptoolsDeprecationWarning: setup.py install is deprecated. Use build and pip and other standards-based tools.
[1.354s]   warnings.warn(
[1.435s] /usr/lib/python3/dist-packages/pkg_resources/__init__.py:116: PkgResourcesDeprecationWarning: 1.16.0-unknown is an invalid version and will not be supported in a future release
[1.439s]   warnings.warn(
[1.439s] /usr/lib/python3/dist-packages/pkg_resources/__init__.py:116: PkgResourcesDeprecationWarning: 1.1build1 is an invalid version and will not be supported in a future release
[1.439s]   warnings.warn(
[1.439s] /usr/lib/python3/dist-packages/pkg_resources/__init__.py:116: PkgResourcesDeprecationWarning: 0.1.43ubuntu1 is an invalid version and will not be supported in a future release
[1.440s]   warnings.warn(
[1.587s] running egg_info
[1.587s] writing turtlebot4_python_move.egg-info/PKG-INFO
[1.587s] writing dependency_links to turtlebot4_python_move.egg-info/dependency_links.txt
[1.588s] writing entry points to turtlebot4_python_move.egg-info/entry_points.txt
[1.588s] writing requirements to turtlebot4_python_move.egg-info/requires.txt
[1.588s] writing top-level names to turtlebot4_python_move.egg-info/top_level.txt
[1.589s] reading manifest file 'turtlebot4_python_move.egg-info/SOURCES.txt'
[1.591s] writing manifest file 'turtlebot4_python_move.egg-info/SOURCES.txt'
[1.594s] running build_ext
[1.595s] Creating /home/ubuntu/thu_mavi_eurovision/install/turtlebot4_python_move/lib/python3.10/site-packages/turtlebot4-python-move.egg-link (link to .)
[1.595s] Installing turtlebot4_python_move_node script to /home/ubuntu/thu_mavi_eurovision/install/turtlebot4_python_move/lib/turtlebot4_python_move
[1.596s] 
[1.596s] Installed /home/ubuntu/thu_mavi_eurovision/build/turtlebot4_python_move
[1.596s] running install_data
[1.598s] copying resource/turtlebot4_python_move -> /home/ubuntu/thu_mavi_eurovision/install/turtlebot4_python_move/share/ament_index/resource_index/packages
[1.599s] copying package.xml -> /home/ubuntu/thu_mavi_eurovision/install/turtlebot4_python_move/share/turtlebot4_python_move
[1.640s] Invoked command in '/home/ubuntu/thu_mavi_eurovision/build/turtlebot4_python_move' returned '0': PYTHONPATH=/home/ubuntu/thu_mavi_eurovision/build/turtlebot4_python_move/prefix_override:/home/ubuntu/thu_mavi_eurovision/install/turtlebot4_python_move/lib/python3.10/site-packages:${PYTHONPATH} /usr/bin/python3 setup.py develop --editable --build-directory /home/ubuntu/thu_mavi_eurovision/build/turtlebot4_python_move/build --no-deps install_data
