[0.355s] DEBUG:colcon:Command line arguments: ['/usr/bin/colcon', 'build', '--symlink-install', '--packages-select', 'turtlebot4_python_move']
[0.355s] DEBUG:colcon:Parsed command line arguments: Namespace(log_base=None, log_level=None, verb_name='build', build_base='build', install_base='install', merge_install=False, symlink_install=True, test_result_base=None, continue_on_error=False, executor='parallel', parallel_workers=1, event_handlers=None, ignore_user_meta=False, metas=['./colcon.meta'], base_paths=['.'], packages_ignore=None, packages_ignore_regex=None, paths=None, packages_up_to=None, packages_up_to_regex=None, packages_above=None, packages_above_and_dependencies=None, packages_above_depth=None, packages_select_by_dep=None, packages_skip_by_dep=None, packages_skip_up_to=None, packages_select_build_failed=False, packages_skip_build_finished=False, packages_select_test_failures=False, packages_skip_test_passed=False, packages_select=['turtlebot4_python_move'], packages_skip=None, packages_select_regex=None, packages_skip_regex=None, packages_start=None, packages_end=None, allow_overriding=[], cmake_args=None, cmake_target=None, cmake_target_skip_unavailable=False, cmake_clean_cache=False, cmake_clean_first=False, cmake_force_configure=False, ament_cmake_args=None, catkin_cmake_args=None, catkin_skip_building_tests=False, verb_parser=<colcon_defaults.argument_parser.defaults.DefaultArgumentsDecorator object at 0x7f745e635540>, verb_extension=<colcon_core.verb.build.BuildVerb object at 0x7f745efe2e00>, main=<bound method BuildVerb.main of <colcon_core.verb.build.BuildVerb object at 0x7f745efe2e00>>)
[0.390s] Level 1:colcon.colcon_core.package_discovery:discover_packages(colcon_meta) check parameters
[0.390s] Level 1:colcon.colcon_core.package_discovery:discover_packages(recursive) check parameters
[0.390s] Level 1:colcon.colcon_core.package_discovery:discover_packages(ignore) check parameters
[0.390s] Level 1:colcon.colcon_core.package_discovery:discover_packages(path) check parameters
[0.390s] Level 1:colcon.colcon_core.package_discovery:discover_packages(colcon_meta) discover
[0.390s] Level 1:colcon.colcon_core.package_discovery:discover_packages(recursive) discover
[0.390s] INFO:colcon.colcon_core.package_discovery:Crawling recursively for packages in '/home/ubuntu/thu_mavi_eurovision'
[0.390s] Level 1:colcon.colcon_core.package_identification:_identify(.) by extensions ['ignore', 'ignore_ament_install']
[0.390s] Level 1:colcon.colcon_core.package_identification:_identify(.) by extension 'ignore'
[0.391s] Level 1:colcon.colcon_core.package_identification:_identify(.) by extension 'ignore_ament_install'
[0.391s] Level 1:colcon.colcon_core.package_identification:_identify(.) by extensions ['colcon_pkg']
[0.391s] Level 1:colcon.colcon_core.package_identification:_identify(.) by extension 'colcon_pkg'
[0.391s] Level 1:colcon.colcon_core.package_identification:_identify(.) by extensions ['colcon_meta']
[0.391s] Level 1:colcon.colcon_core.package_identification:_identify(.) by extension 'colcon_meta'
[0.391s] Level 1:colcon.colcon_core.package_identification:_identify(.) by extensions ['ros']
[0.391s] Level 1:colcon.colcon_core.package_identification:_identify(.) by extension 'ros'
[0.399s] Level 1:colcon.colcon_core.package_identification:_identify(.) by extensions ['cmake', 'python']
[0.399s] Level 1:colcon.colcon_core.package_identification:_identify(.) by extension 'cmake'
[0.399s] Level 1:colcon.colcon_core.package_identification:_identify(.) by extension 'python'
[0.399s] Level 1:colcon.colcon_core.package_identification:_identify(.) by extensions ['python_setup_py']
[0.399s] Level 1:colcon.colcon_core.package_identification:_identify(.) by extension 'python_setup_py'
[0.399s] Level 1:colcon.colcon_core.package_identification:_identify(build) by extensions ['ignore', 'ignore_ament_install']
[0.399s] Level 1:colcon.colcon_core.package_identification:_identify(build) by extension 'ignore'
[0.399s] Level 1:colcon.colcon_core.package_identification:_identify(build) ignored
[0.399s] Level 1:colcon.colcon_core.package_identification:_identify(camera_mount) by extensions ['ignore', 'ignore_ament_install']
[0.400s] Level 1:colcon.colcon_core.package_identification:_identify(camera_mount) by extension 'ignore'
[0.400s] Level 1:colcon.colcon_core.package_identification:_identify(camera_mount) by extension 'ignore_ament_install'
[0.400s] Level 1:colcon.colcon_core.package_identification:_identify(camera_mount) by extensions ['colcon_pkg']
[0.400s] Level 1:colcon.colcon_core.package_identification:_identify(camera_mount) by extension 'colcon_pkg'
[0.400s] Level 1:colcon.colcon_core.package_identification:_identify(camera_mount) by extensions ['colcon_meta']
[0.400s] Level 1:colcon.colcon_core.package_identification:_identify(camera_mount) by extension 'colcon_meta'
[0.400s] Level 1:colcon.colcon_core.package_identification:_identify(camera_mount) by extensions ['ros']
[0.400s] Level 1:colcon.colcon_core.package_identification:_identify(camera_mount) by extension 'ros'
[0.400s] Level 1:colcon.colcon_core.package_identification:_identify(camera_mount) by extensions ['cmake', 'python']
[0.400s] Level 1:colcon.colcon_core.package_identification:_identify(camera_mount) by extension 'cmake'
[0.400s] Level 1:colcon.colcon_core.package_identification:_identify(camera_mount) by extension 'python'
[0.400s] Level 1:colcon.colcon_core.package_identification:_identify(camera_mount) by extensions ['python_setup_py']
[0.400s] Level 1:colcon.colcon_core.package_identification:_identify(camera_mount) by extension 'python_setup_py'
[0.400s] Level 1:colcon.colcon_core.package_identification:_identify(install) by extensions ['ignore', 'ignore_ament_install']
[0.400s] Level 1:colcon.colcon_core.package_identification:_identify(install) by extension 'ignore'
[0.400s] Level 1:colcon.colcon_core.package_identification:_identify(install) ignored
[0.400s] Level 1:colcon.colcon_core.package_identification:_identify(log) by extensions ['ignore', 'ignore_ament_install']
[0.400s] Level 1:colcon.colcon_core.package_identification:_identify(log) by extension 'ignore'
[0.400s] Level 1:colcon.colcon_core.package_identification:_identify(log) ignored
[0.400s] Level 1:colcon.colcon_core.package_identification:_identify(opencv-test) by extensions ['ignore', 'ignore_ament_install']
[0.400s] Level 1:colcon.colcon_core.package_identification:_identify(opencv-test) by extension 'ignore'
[0.400s] Level 1:colcon.colcon_core.package_identification:_identify(opencv-test) by extension 'ignore_ament_install'
[0.400s] Level 1:colcon.colcon_core.package_identification:_identify(opencv-test) by extensions ['colcon_pkg']
[0.400s] Level 1:colcon.colcon_core.package_identification:_identify(opencv-test) by extension 'colcon_pkg'
[0.400s] Level 1:colcon.colcon_core.package_identification:_identify(opencv-test) by extensions ['colcon_meta']
[0.400s] Level 1:colcon.colcon_core.package_identification:_identify(opencv-test) by extension 'colcon_meta'
[0.400s] Level 1:colcon.colcon_core.package_identification:_identify(opencv-test) by extensions ['ros']
[0.400s] Level 1:colcon.colcon_core.package_identification:_identify(opencv-test) by extension 'ros'
[0.400s] Level 1:colcon.colcon_core.package_identification:_identify(opencv-test) by extensions ['cmake', 'python']
[0.400s] Level 1:colcon.colcon_core.package_identification:_identify(opencv-test) by extension 'cmake'
[0.400s] Level 1:colcon.colcon_core.package_identification:_identify(opencv-test) by extension 'python'
[0.401s] Level 1:colcon.colcon_core.package_identification:_identify(opencv-test) by extensions ['python_setup_py']
[0.401s] Level 1:colcon.colcon_core.package_identification:_identify(opencv-test) by extension 'python_setup_py'
[0.401s] Level 1:colcon.colcon_core.package_identification:_identify(pythontest) by extensions ['ignore', 'ignore_ament_install']
[0.401s] Level 1:colcon.colcon_core.package_identification:_identify(pythontest) by extension 'ignore'
[0.401s] Level 1:colcon.colcon_core.package_identification:_identify(pythontest) by extension 'ignore_ament_install'
[0.401s] Level 1:colcon.colcon_core.package_identification:_identify(pythontest) by extensions ['colcon_pkg']
[0.401s] Level 1:colcon.colcon_core.package_identification:_identify(pythontest) by extension 'colcon_pkg'
[0.401s] Level 1:colcon.colcon_core.package_identification:_identify(pythontest) by extensions ['colcon_meta']
[0.401s] Level 1:colcon.colcon_core.package_identification:_identify(pythontest) by extension 'colcon_meta'
[0.401s] Level 1:colcon.colcon_core.package_identification:_identify(pythontest) by extensions ['ros']
[0.401s] Level 1:colcon.colcon_core.package_identification:_identify(pythontest) by extension 'ros'
[0.401s] Level 1:colcon.colcon_core.package_identification:_identify(pythontest) by extensions ['cmake', 'python']
[0.401s] Level 1:colcon.colcon_core.package_identification:_identify(pythontest) by extension 'cmake'
[0.401s] Level 1:colcon.colcon_core.package_identification:_identify(pythontest) by extension 'python'
[0.401s] Level 1:colcon.colcon_core.package_identification:_identify(pythontest) by extensions ['python_setup_py']
[0.401s] Level 1:colcon.colcon_core.package_identification:_identify(pythontest) by extension 'python_setup_py'
[0.401s] Level 1:colcon.colcon_core.package_identification:_identify(pythontest/turtlebot4_python_tutorials) by extensions ['ignore', 'ignore_ament_install']
[0.401s] Level 1:colcon.colcon_core.package_identification:_identify(pythontest/turtlebot4_python_tutorials) by extension 'ignore'
[0.401s] Level 1:colcon.colcon_core.package_identification:_identify(pythontest/turtlebot4_python_tutorials) by extension 'ignore_ament_install'
[0.401s] Level 1:colcon.colcon_core.package_identification:_identify(pythontest/turtlebot4_python_tutorials) by extensions ['colcon_pkg']
[0.401s] Level 1:colcon.colcon_core.package_identification:_identify(pythontest/turtlebot4_python_tutorials) by extension 'colcon_pkg'
[0.401s] Level 1:colcon.colcon_core.package_identification:_identify(pythontest/turtlebot4_python_tutorials) by extensions ['colcon_meta']
[0.401s] Level 1:colcon.colcon_core.package_identification:_identify(pythontest/turtlebot4_python_tutorials) by extension 'colcon_meta'
[0.401s] Level 1:colcon.colcon_core.package_identification:_identify(pythontest/turtlebot4_python_tutorials) by extensions ['ros']
[0.401s] Level 1:colcon.colcon_core.package_identification:_identify(pythontest/turtlebot4_python_tutorials) by extension 'ros'
[0.404s] DEBUG:colcon.colcon_core.package_identification:Package 'pythontest/turtlebot4_python_tutorials' with type 'ros.ament_python' and name 'turtlebot4_python_tutorials'
[0.404s] Level 1:colcon.colcon_core.package_identification:_identify(resources) by extensions ['ignore', 'ignore_ament_install']
[0.404s] Level 1:colcon.colcon_core.package_identification:_identify(resources) by extension 'ignore'
[0.404s] Level 1:colcon.colcon_core.package_identification:_identify(resources) by extension 'ignore_ament_install'
[0.404s] Level 1:colcon.colcon_core.package_identification:_identify(resources) by extensions ['colcon_pkg']
[0.404s] Level 1:colcon.colcon_core.package_identification:_identify(resources) by extension 'colcon_pkg'
[0.404s] Level 1:colcon.colcon_core.package_identification:_identify(resources) by extensions ['colcon_meta']
[0.404s] Level 1:colcon.colcon_core.package_identification:_identify(resources) by extension 'colcon_meta'
[0.404s] Level 1:colcon.colcon_core.package_identification:_identify(resources) by extensions ['ros']
[0.404s] Level 1:colcon.colcon_core.package_identification:_identify(resources) by extension 'ros'
[0.404s] Level 1:colcon.colcon_core.package_identification:_identify(resources) by extensions ['cmake', 'python']
[0.404s] Level 1:colcon.colcon_core.package_identification:_identify(resources) by extension 'cmake'
[0.404s] Level 1:colcon.colcon_core.package_identification:_identify(resources) by extension 'python'
[0.404s] Level 1:colcon.colcon_core.package_identification:_identify(resources) by extensions ['python_setup_py']
[0.404s] Level 1:colcon.colcon_core.package_identification:_identify(resources) by extension 'python_setup_py'
[0.404s] Level 1:colcon.colcon_core.package_identification:_identify(src) by extensions ['ignore', 'ignore_ament_install']
[0.404s] Level 1:colcon.colcon_core.package_identification:_identify(src) by extension 'ignore'
[0.404s] Level 1:colcon.colcon_core.package_identification:_identify(src) by extension 'ignore_ament_install'
[0.404s] Level 1:colcon.colcon_core.package_identification:_identify(src) by extensions ['colcon_pkg']
[0.404s] Level 1:colcon.colcon_core.package_identification:_identify(src) by extension 'colcon_pkg'
[0.404s] Level 1:colcon.colcon_core.package_identification:_identify(src) by extensions ['colcon_meta']
[0.404s] Level 1:colcon.colcon_core.package_identification:_identify(src) by extension 'colcon_meta'
[0.405s] Level 1:colcon.colcon_core.package_identification:_identify(src) by extensions ['ros']
[0.405s] Level 1:colcon.colcon_core.package_identification:_identify(src) by extension 'ros'
[0.405s] Level 1:colcon.colcon_core.package_identification:_identify(src) by extensions ['cmake', 'python']
[0.405s] Level 1:colcon.colcon_core.package_identification:_identify(src) by extension 'cmake'
[0.405s] Level 1:colcon.colcon_core.package_identification:_identify(src) by extension 'python'
[0.405s] Level 1:colcon.colcon_core.package_identification:_identify(src) by extensions ['python_setup_py']
[0.405s] Level 1:colcon.colcon_core.package_identification:_identify(src) by extension 'python_setup_py'
[0.405s] Level 1:colcon.colcon_core.package_identification:_identify(turtlebot4_python_move) by extensions ['ignore', 'ignore_ament_install']
[0.405s] Level 1:colcon.colcon_core.package_identification:_identify(turtlebot4_python_move) by extension 'ignore'
[0.405s] Level 1:colcon.colcon_core.package_identification:_identify(turtlebot4_python_move) by extension 'ignore_ament_install'
[0.405s] Level 1:colcon.colcon_core.package_identification:_identify(turtlebot4_python_move) by extensions ['colcon_pkg']
[0.405s] Level 1:colcon.colcon_core.package_identification:_identify(turtlebot4_python_move) by extension 'colcon_pkg'
[0.405s] Level 1:colcon.colcon_core.package_identification:_identify(turtlebot4_python_move) by extensions ['colcon_meta']
[0.405s] Level 1:colcon.colcon_core.package_identification:_identify(turtlebot4_python_move) by extension 'colcon_meta'
[0.405s] Level 1:colcon.colcon_core.package_identification:_identify(turtlebot4_python_move) by extensions ['ros']
[0.405s] Level 1:colcon.colcon_core.package_identification:_identify(turtlebot4_python_move) by extension 'ros'
[0.406s] DEBUG:colcon.colcon_core.package_identification:Package 'turtlebot4_python_move' with type 'ros.ament_python' and name 'turtlebot4_python_move'
[0.406s] Level 1:colcon.colcon_core.package_identification:_identify(yolo-test) by extensions ['ignore', 'ignore_ament_install']
[0.406s] Level 1:colcon.colcon_core.package_identification:_identify(yolo-test) by extension 'ignore'
[0.406s] Level 1:colcon.colcon_core.package_identification:_identify(yolo-test) by extension 'ignore_ament_install'
[0.406s] Level 1:colcon.colcon_core.package_identification:_identify(yolo-test) by extensions ['colcon_pkg']
[0.406s] Level 1:colcon.colcon_core.package_identification:_identify(yolo-test) by extension 'colcon_pkg'
[0.406s] Level 1:colcon.colcon_core.package_identification:_identify(yolo-test) by extensions ['colcon_meta']
[0.406s] Level 1:colcon.colcon_core.package_identification:_identify(yolo-test) by extension 'colcon_meta'
[0.406s] Level 1:colcon.colcon_core.package_identification:_identify(yolo-test) by extensions ['ros']
[0.406s] Level 1:colcon.colcon_core.package_identification:_identify(yolo-test) by extension 'ros'
[0.406s] Level 1:colcon.colcon_core.package_identification:_identify(yolo-test) by extensions ['cmake', 'python']
[0.406s] Level 1:colcon.colcon_core.package_identification:_identify(yolo-test) by extension 'cmake'
[0.406s] Level 1:colcon.colcon_core.package_identification:_identify(yolo-test) by extension 'python'
[0.406s] Level 1:colcon.colcon_core.package_identification:_identify(yolo-test) by extensions ['python_setup_py']
[0.406s] Level 1:colcon.colcon_core.package_identification:_identify(yolo-test) by extension 'python_setup_py'
[0.406s] Level 1:colcon.colcon_core.package_discovery:discover_packages(recursive) using defaults
[0.406s] Level 1:colcon.colcon_core.package_discovery:discover_packages(ignore) discover
[0.406s] Level 1:colcon.colcon_core.package_discovery:discover_packages(ignore) using defaults
[0.406s] Level 1:colcon.colcon_core.package_discovery:discover_packages(path) discover
[0.406s] Level 1:colcon.colcon_core.package_discovery:discover_packages(path) using defaults
[0.427s] INFO:colcon.colcon_core.package_selection:Skipping not selected package 'turtlebot4_python_tutorials' in 'pythontest/turtlebot4_python_tutorials'
[0.428s] Level 1:colcon.colcon_core.package_discovery:discover_packages(prefix_path) check parameters
[0.428s] Level 1:colcon.colcon_core.package_discovery:discover_packages(prefix_path) discover
[0.432s] DEBUG:colcon.colcon_installed_package_information.package_discovery:Found 1 installed packages in /home/ubuntu/thu_mavi_eurovision/install
[0.432s] DEBUG:colcon.colcon_installed_package_information.package_discovery:Found 0 installed packages in /home/ubuntu/thu_mavi_eurovision/turtlebot4_python_move/install
[0.434s] DEBUG:colcon.colcon_installed_package_information.package_discovery:Found 4 installed packages in /home/ubuntu/turtlebot4_ws/install
[0.436s] DEBUG:colcon.colcon_installed_package_information.package_discovery:Found 433 installed packages in /opt/ros/humble
[0.437s] Level 1:colcon.colcon_core.package_discovery:discover_packages(prefix_path) using defaults
[0.523s] Level 5:colcon.colcon_core.verb:set package 'turtlebot4_python_move' build argument 'cmake_args' from command line to 'None'
[0.523s] Level 5:colcon.colcon_core.verb:set package 'turtlebot4_python_move' build argument 'cmake_target' from command line to 'None'
[0.523s] Level 5:colcon.colcon_core.verb:set package 'turtlebot4_python_move' build argument 'cmake_target_skip_unavailable' from command line to 'False'
[0.523s] Level 5:colcon.colcon_core.verb:set package 'turtlebot4_python_move' build argument 'cmake_clean_cache' from command line to 'False'
[0.523s] Level 5:colcon.colcon_core.verb:set package 'turtlebot4_python_move' build argument 'cmake_clean_first' from command line to 'False'
[0.523s] Level 5:colcon.colcon_core.verb:set package 'turtlebot4_python_move' build argument 'cmake_force_configure' from command line to 'False'
[0.523s] Level 5:colcon.colcon_core.verb:set package 'turtlebot4_python_move' build argument 'ament_cmake_args' from command line to 'None'
[0.523s] Level 5:colcon.colcon_core.verb:set package 'turtlebot4_python_move' build argument 'catkin_cmake_args' from command line to 'None'
[0.523s] Level 5:colcon.colcon_core.verb:set package 'turtlebot4_python_move' build argument 'catkin_skip_building_tests' from command line to 'False'
[0.523s] DEBUG:colcon.colcon_core.verb:Building package 'turtlebot4_python_move' with the following arguments: {'ament_cmake_args': None, 'build_base': '/home/ubuntu/thu_mavi_eurovision/build/turtlebot4_python_move', 'catkin_cmake_args': None, 'catkin_skip_building_tests': False, 'cmake_args': None, 'cmake_clean_cache': False, 'cmake_clean_first': False, 'cmake_force_configure': False, 'cmake_target': None, 'cmake_target_skip_unavailable': False, 'install_base': '/home/ubuntu/thu_mavi_eurovision/install/turtlebot4_python_move', 'merge_install': False, 'path': '/home/ubuntu/thu_mavi_eurovision/turtlebot4_python_move', 'symlink_install': True, 'test_result_base': None}
[0.523s] INFO:colcon.colcon_core.executor:Executing jobs using 'parallel' executor
[0.534s] DEBUG:colcon.colcon_parallel_executor.executor.parallel:run_until_complete
[0.534s] INFO:colcon.colcon_ros.task.ament_python.build:Building ROS package in '/home/ubuntu/thu_mavi_eurovision/turtlebot4_python_move' with build type 'ament_python'
[0.534s] Level 1:colcon.colcon_core.shell:create_environment_hook('turtlebot4_python_move', 'ament_prefix_path')
[0.543s] INFO:colcon.colcon_core.plugin_system:Skipping extension 'colcon_core.shell.bat': Not used on non-Windows systems
[0.544s] INFO:colcon.colcon_core.shell:Creating environment hook '/home/ubuntu/thu_mavi_eurovision/install/turtlebot4_python_move/share/turtlebot4_python_move/hook/ament_prefix_path.ps1'
[0.544s] INFO:colcon.colcon_core.shell:Creating environment descriptor '/home/ubuntu/thu_mavi_eurovision/install/turtlebot4_python_move/share/turtlebot4_python_move/hook/ament_prefix_path.dsv'
[0.545s] INFO:colcon.colcon_core.shell:Creating environment hook '/home/ubuntu/thu_mavi_eurovision/install/turtlebot4_python_move/share/turtlebot4_python_move/hook/ament_prefix_path.sh'
[0.546s] INFO:colcon.colcon_core.shell:Skip shell extension 'powershell' for command environment: Not usable outside of PowerShell
[0.546s] DEBUG:colcon.colcon_core.shell:Skip shell extension 'dsv' for command environment
[0.938s] INFO:colcon.colcon_core.task.python.build:Building Python package in '/home/ubuntu/thu_mavi_eurovision/turtlebot4_python_move'
[0.939s] INFO:colcon.colcon_core.shell:Skip shell extension 'powershell' for command environment: Not usable outside of PowerShell
[0.939s] DEBUG:colcon.colcon_core.shell:Skip shell extension 'dsv' for command environment
[1.460s] DEBUG:colcon.colcon_core.event_handler.log_command:Invoking command in '/home/ubuntu/thu_mavi_eurovision/build/turtlebot4_python_move': PYTHONPATH=/home/ubuntu/thu_mavi_eurovision/build/turtlebot4_python_move/prefix_override:/home/ubuntu/thu_mavi_eurovision/install/turtlebot4_python_move/lib/python3.10/site-packages:${PYTHONPATH} /usr/bin/python3 setup.py develop --editable --build-directory /home/ubuntu/thu_mavi_eurovision/build/turtlebot4_python_move/build --no-deps install_data
[2.029s] Level 1:colcon.colcon_core.shell:create_environment_hook('turtlebot4_python_move', 'pythonpath_develop')
[2.033s] INFO:colcon.colcon_core.shell:Creating environment hook '/home/ubuntu/thu_mavi_eurovision/build/turtlebot4_python_move/share/turtlebot4_python_move/hook/pythonpath_develop.ps1'
[2.033s] DEBUG:colcon.colcon_core.event_handler.log_command:Invoked command in '/home/ubuntu/thu_mavi_eurovision/build/turtlebot4_python_move' returned '0': PYTHONPATH=/home/ubuntu/thu_mavi_eurovision/build/turtlebot4_python_move/prefix_override:/home/ubuntu/thu_mavi_eurovision/install/turtlebot4_python_move/lib/python3.10/site-packages:${PYTHONPATH} /usr/bin/python3 setup.py develop --editable --build-directory /home/ubuntu/thu_mavi_eurovision/build/turtlebot4_python_move/build --no-deps install_data
[2.033s] INFO:colcon.colcon_core.shell:Creating environment descriptor '/home/ubuntu/thu_mavi_eurovision/build/turtlebot4_python_move/share/turtlebot4_python_move/hook/pythonpath_develop.dsv'
[2.033s] INFO:colcon.colcon_core.shell:Creating environment hook '/home/ubuntu/thu_mavi_eurovision/build/turtlebot4_python_move/share/turtlebot4_python_move/hook/pythonpath_develop.sh'
[2.048s] Level 1:colcon.colcon_core.environment:checking '/home/ubuntu/thu_mavi_eurovision/install/turtlebot4_python_move' for CMake module files
[2.049s] Level 1:colcon.colcon_core.environment:checking '/home/ubuntu/thu_mavi_eurovision/install/turtlebot4_python_move' for CMake config files
[2.050s] Level 1:colcon.colcon_core.environment:checking '/home/ubuntu/thu_mavi_eurovision/install/turtlebot4_python_move/lib'
[2.050s] Level 1:colcon.colcon_core.environment:checking '/home/ubuntu/thu_mavi_eurovision/install/turtlebot4_python_move/bin'
[2.050s] Level 1:colcon.colcon_core.environment:checking '/home/ubuntu/thu_mavi_eurovision/install/turtlebot4_python_move/lib/pkgconfig/turtlebot4_python_move.pc'
[2.050s] Level 1:colcon.colcon_core.environment:checking '/home/ubuntu/thu_mavi_eurovision/install/turtlebot4_python_move/lib/python3.10/site-packages'
[2.050s] Level 1:colcon.colcon_core.shell:create_environment_hook('turtlebot4_python_move', 'pythonpath')
[2.051s] INFO:colcon.colcon_core.shell:Creating environment hook '/home/ubuntu/thu_mavi_eurovision/install/turtlebot4_python_move/share/turtlebot4_python_move/hook/pythonpath.ps1'
[2.051s] INFO:colcon.colcon_core.shell:Creating environment descriptor '/home/ubuntu/thu_mavi_eurovision/install/turtlebot4_python_move/share/turtlebot4_python_move/hook/pythonpath.dsv'
[2.052s] INFO:colcon.colcon_core.shell:Creating environment hook '/home/ubuntu/thu_mavi_eurovision/install/turtlebot4_python_move/share/turtlebot4_python_move/hook/pythonpath.sh'
[2.052s] Level 1:colcon.colcon_core.environment:checking '/home/ubuntu/thu_mavi_eurovision/install/turtlebot4_python_move/bin'
[2.052s] Level 1:colcon.colcon_core.environment:create_environment_scripts_only(turtlebot4_python_move)
[2.053s] INFO:colcon.colcon_core.shell:Creating package script '/home/ubuntu/thu_mavi_eurovision/install/turtlebot4_python_move/share/turtlebot4_python_move/package.ps1'
[2.053s] INFO:colcon.colcon_core.shell:Creating package descriptor '/home/ubuntu/thu_mavi_eurovision/install/turtlebot4_python_move/share/turtlebot4_python_move/package.dsv'
[2.054s] INFO:colcon.colcon_core.shell:Creating package script '/home/ubuntu/thu_mavi_eurovision/install/turtlebot4_python_move/share/turtlebot4_python_move/package.sh'
[2.055s] INFO:colcon.colcon_core.shell:Creating package script '/home/ubuntu/thu_mavi_eurovision/install/turtlebot4_python_move/share/turtlebot4_python_move/package.bash'
[2.055s] INFO:colcon.colcon_core.shell:Creating package script '/home/ubuntu/thu_mavi_eurovision/install/turtlebot4_python_move/share/turtlebot4_python_move/package.zsh'
[2.056s] Level 1:colcon.colcon_core.environment:create_file_with_runtime_dependencies(/home/ubuntu/thu_mavi_eurovision/install/turtlebot4_python_move/share/colcon-core/packages/turtlebot4_python_move)
[2.057s] DEBUG:colcon.colcon_parallel_executor.executor.parallel:closing loop
[2.057s] DEBUG:colcon.colcon_parallel_executor.executor.parallel:loop closed
[2.057s] DEBUG:colcon.colcon_parallel_executor.executor.parallel:run_until_complete finished with '0'
[2.057s] DEBUG:colcon.colcon_core.event_reactor:joining thread
[2.074s] INFO:colcon.colcon_core.plugin_system:Skipping extension 'colcon_notification.desktop_notification.terminal_notifier': Not used on non-Darwin systems
[2.074s] INFO:colcon.colcon_core.plugin_system:Skipping extension 'colcon_notification.desktop_notification.win32': Not used on non-Windows systems
[2.074s] INFO:colcon.colcon_notification.desktop_notification:Sending desktop notification using 'notify2'
[2.143s] DEBUG:colcon.colcon_core.event_reactor:joined thread
[2.145s] INFO:colcon.colcon_core.shell:Creating prefix script '/home/ubuntu/thu_mavi_eurovision/install/local_setup.ps1'
[2.146s] INFO:colcon.colcon_core.shell:Creating prefix util module '/home/ubuntu/thu_mavi_eurovision/install/_local_setup_util_ps1.py'
[2.147s] INFO:colcon.colcon_core.shell:Creating prefix chain script '/home/ubuntu/thu_mavi_eurovision/install/setup.ps1'
[2.155s] INFO:colcon.colcon_core.shell:Creating prefix script '/home/ubuntu/thu_mavi_eurovision/install/local_setup.sh'
[2.156s] INFO:colcon.colcon_core.shell:Creating prefix util module '/home/ubuntu/thu_mavi_eurovision/install/_local_setup_util_sh.py'
[2.158s] INFO:colcon.colcon_core.shell:Creating prefix chain script '/home/ubuntu/thu_mavi_eurovision/install/setup.sh'
[2.160s] INFO:colcon.colcon_core.shell:Creating prefix script '/home/ubuntu/thu_mavi_eurovision/install/local_setup.bash'
[2.161s] INFO:colcon.colcon_core.shell:Creating prefix chain script '/home/ubuntu/thu_mavi_eurovision/install/setup.bash'
[2.163s] INFO:colcon.colcon_core.shell:Creating prefix script '/home/ubuntu/thu_mavi_eurovision/install/local_setup.zsh'
[2.164s] INFO:colcon.colcon_core.shell:Creating prefix chain script '/home/ubuntu/thu_mavi_eurovision/install/setup.zsh'
