[0.688s] DEBUG:colcon:Command line arguments: ['/usr/bin/colcon', 'build', '--symlink-install', '--packages-select', 'turtlebot4_python_tutorials']
[0.688s] DEBUG:colcon:Parsed command line arguments: Namespace(log_base=None, log_level=None, verb_name='build', build_base='build', install_base='install', merge_install=False, symlink_install=True, test_result_base=None, continue_on_error=False, executor='parallel', parallel_workers=1, event_handlers=None, ignore_user_meta=False, metas=['./colcon.meta'], base_paths=['.'], packages_ignore=None, packages_ignore_regex=None, paths=None, packages_up_to=None, packages_up_to_regex=None, packages_above=None, packages_above_and_dependencies=None, packages_above_depth=None, packages_select_by_dep=None, packages_skip_by_dep=None, packages_skip_up_to=None, packages_select_build_failed=False, packages_skip_build_finished=False, packages_select_test_failures=False, packages_skip_test_passed=False, packages_select=['turtlebot4_python_tutorials'], packages_skip=None, packages_select_regex=None, packages_skip_regex=None, packages_start=None, packages_end=None, allow_overriding=[], cmake_args=None, cmake_target=None, cmake_target_skip_unavailable=False, cmake_clean_cache=False, cmake_clean_first=False, cmake_force_configure=False, ament_cmake_args=None, catkin_cmake_args=None, catkin_skip_building_tests=False, verb_parser=<colcon_defaults.argument_parser.defaults.DefaultArgumentsDecorator object at 0x7f62da43dd20>, verb_extension=<colcon_core.verb.build.BuildVerb object at 0x7f62daddb0d0>, main=<bound method BuildVerb.main of <colcon_core.verb.build.BuildVerb object at 0x7f62daddb0d0>>)
[0.761s] Level 1:colcon.colcon_core.package_discovery:discover_packages(colcon_meta) check parameters
[0.761s] Level 1:colcon.colcon_core.package_discovery:discover_packages(recursive) check parameters
[0.761s] Level 1:colcon.colcon_core.package_discovery:discover_packages(ignore) check parameters
[0.761s] Level 1:colcon.colcon_core.package_discovery:discover_packages(path) check parameters
[0.761s] Level 1:colcon.colcon_core.package_discovery:discover_packages(colcon_meta) discover
[0.761s] Level 1:colcon.colcon_core.package_discovery:discover_packages(recursive) discover
[0.761s] INFO:colcon.colcon_core.package_discovery:Crawling recursively for packages in '/home/ubuntu/thu_mavi_eurovision'
[0.761s] Level 1:colcon.colcon_core.package_identification:_identify(.) by extensions ['ignore', 'ignore_ament_install']
[0.761s] Level 1:colcon.colcon_core.package_identification:_identify(.) by extension 'ignore'
[0.761s] Level 1:colcon.colcon_core.package_identification:_identify(.) by extension 'ignore_ament_install'
[0.761s] Level 1:colcon.colcon_core.package_identification:_identify(.) by extensions ['colcon_pkg']
[0.762s] Level 1:colcon.colcon_core.package_identification:_identify(.) by extension 'colcon_pkg'
[0.762s] Level 1:colcon.colcon_core.package_identification:_identify(.) by extensions ['colcon_meta']
[0.762s] Level 1:colcon.colcon_core.package_identification:_identify(.) by extension 'colcon_meta'
[0.762s] Level 1:colcon.colcon_core.package_identification:_identify(.) by extensions ['ros']
[0.762s] Level 1:colcon.colcon_core.package_identification:_identify(.) by extension 'ros'
[0.784s] Level 1:colcon.colcon_core.package_identification:_identify(.) by extensions ['cmake', 'python']
[0.784s] Level 1:colcon.colcon_core.package_identification:_identify(.) by extension 'cmake'
[0.784s] Level 1:colcon.colcon_core.package_identification:_identify(.) by extension 'python'
[0.784s] Level 1:colcon.colcon_core.package_identification:_identify(.) by extensions ['python_setup_py']
[0.784s] Level 1:colcon.colcon_core.package_identification:_identify(.) by extension 'python_setup_py'
[0.784s] Level 1:colcon.colcon_core.package_identification:_identify(build) by extensions ['ignore', 'ignore_ament_install']
[0.784s] Level 1:colcon.colcon_core.package_identification:_identify(build) by extension 'ignore'
[0.784s] Level 1:colcon.colcon_core.package_identification:_identify(build) ignored
[0.788s] Level 1:colcon.colcon_core.package_identification:_identify(camera_mount) by extensions ['ignore', 'ignore_ament_install']
[0.788s] Level 1:colcon.colcon_core.package_identification:_identify(camera_mount) by extension 'ignore'
[0.788s] Level 1:colcon.colcon_core.package_identification:_identify(camera_mount) by extension 'ignore_ament_install'
[0.788s] Level 1:colcon.colcon_core.package_identification:_identify(camera_mount) by extensions ['colcon_pkg']
[0.788s] Level 1:colcon.colcon_core.package_identification:_identify(camera_mount) by extension 'colcon_pkg'
[0.788s] Level 1:colcon.colcon_core.package_identification:_identify(camera_mount) by extensions ['colcon_meta']
[0.788s] Level 1:colcon.colcon_core.package_identification:_identify(camera_mount) by extension 'colcon_meta'
[0.788s] Level 1:colcon.colcon_core.package_identification:_identify(camera_mount) by extensions ['ros']
[0.788s] Level 1:colcon.colcon_core.package_identification:_identify(camera_mount) by extension 'ros'
[0.788s] Level 1:colcon.colcon_core.package_identification:_identify(camera_mount) by extensions ['cmake', 'python']
[0.788s] Level 1:colcon.colcon_core.package_identification:_identify(camera_mount) by extension 'cmake'
[0.788s] Level 1:colcon.colcon_core.package_identification:_identify(camera_mount) by extension 'python'
[0.788s] Level 1:colcon.colcon_core.package_identification:_identify(camera_mount) by extensions ['python_setup_py']
[0.788s] Level 1:colcon.colcon_core.package_identification:_identify(camera_mount) by extension 'python_setup_py'
[0.788s] Level 1:colcon.colcon_core.package_identification:_identify(install) by extensions ['ignore', 'ignore_ament_install']
[0.788s] Level 1:colcon.colcon_core.package_identification:_identify(install) by extension 'ignore'
[0.788s] Level 1:colcon.colcon_core.package_identification:_identify(install) ignored
[0.788s] Level 1:colcon.colcon_core.package_identification:_identify(log) by extensions ['ignore', 'ignore_ament_install']
[0.788s] Level 1:colcon.colcon_core.package_identification:_identify(log) by extension 'ignore'
[0.788s] Level 1:colcon.colcon_core.package_identification:_identify(log) ignored
[0.789s] Level 1:colcon.colcon_core.package_identification:_identify(opencv-test) by extensions ['ignore', 'ignore_ament_install']
[0.789s] Level 1:colcon.colcon_core.package_identification:_identify(opencv-test) by extension 'ignore'
[0.789s] Level 1:colcon.colcon_core.package_identification:_identify(opencv-test) by extension 'ignore_ament_install'
[0.789s] Level 1:colcon.colcon_core.package_identification:_identify(opencv-test) by extensions ['colcon_pkg']
[0.789s] Level 1:colcon.colcon_core.package_identification:_identify(opencv-test) by extension 'colcon_pkg'
[0.789s] Level 1:colcon.colcon_core.package_identification:_identify(opencv-test) by extensions ['colcon_meta']
[0.789s] Level 1:colcon.colcon_core.package_identification:_identify(opencv-test) by extension 'colcon_meta'
[0.789s] Level 1:colcon.colcon_core.package_identification:_identify(opencv-test) by extensions ['ros']
[0.789s] Level 1:colcon.colcon_core.package_identification:_identify(opencv-test) by extension 'ros'
[0.789s] Level 1:colcon.colcon_core.package_identification:_identify(opencv-test) by extensions ['cmake', 'python']
[0.789s] Level 1:colcon.colcon_core.package_identification:_identify(opencv-test) by extension 'cmake'
[0.789s] Level 1:colcon.colcon_core.package_identification:_identify(opencv-test) by extension 'python'
[0.789s] Level 1:colcon.colcon_core.package_identification:_identify(opencv-test) by extensions ['python_setup_py']
[0.789s] Level 1:colcon.colcon_core.package_identification:_identify(opencv-test) by extension 'python_setup_py'
[0.789s] Level 1:colcon.colcon_core.package_identification:_identify(pythontest) by extensions ['ignore', 'ignore_ament_install']
[0.789s] Level 1:colcon.colcon_core.package_identification:_identify(pythontest) by extension 'ignore'
[0.789s] Level 1:colcon.colcon_core.package_identification:_identify(pythontest) by extension 'ignore_ament_install'
[0.789s] Level 1:colcon.colcon_core.package_identification:_identify(pythontest) by extensions ['colcon_pkg']
[0.789s] Level 1:colcon.colcon_core.package_identification:_identify(pythontest) by extension 'colcon_pkg'
[0.789s] Level 1:colcon.colcon_core.package_identification:_identify(pythontest) by extensions ['colcon_meta']
[0.789s] Level 1:colcon.colcon_core.package_identification:_identify(pythontest) by extension 'colcon_meta'
[0.789s] Level 1:colcon.colcon_core.package_identification:_identify(pythontest) by extensions ['ros']
[0.789s] Level 1:colcon.colcon_core.package_identification:_identify(pythontest) by extension 'ros'
[0.789s] Level 1:colcon.colcon_core.package_identification:_identify(pythontest) by extensions ['cmake', 'python']
[0.789s] Level 1:colcon.colcon_core.package_identification:_identify(pythontest) by extension 'cmake'
[0.789s] Level 1:colcon.colcon_core.package_identification:_identify(pythontest) by extension 'python'
[0.789s] Level 1:colcon.colcon_core.package_identification:_identify(pythontest) by extensions ['python_setup_py']
[0.789s] Level 1:colcon.colcon_core.package_identification:_identify(pythontest) by extension 'python_setup_py'
[0.791s] Level 1:colcon.colcon_core.package_identification:_identify(pythontest/turtlebot4_python_tutorials) by extensions ['ignore', 'ignore_ament_install']
[0.791s] Level 1:colcon.colcon_core.package_identification:_identify(pythontest/turtlebot4_python_tutorials) by extension 'ignore'
[0.791s] Level 1:colcon.colcon_core.package_identification:_identify(pythontest/turtlebot4_python_tutorials) by extension 'ignore_ament_install'
[0.791s] Level 1:colcon.colcon_core.package_identification:_identify(pythontest/turtlebot4_python_tutorials) by extensions ['colcon_pkg']
[0.791s] Level 1:colcon.colcon_core.package_identification:_identify(pythontest/turtlebot4_python_tutorials) by extension 'colcon_pkg'
[0.791s] Level 1:colcon.colcon_core.package_identification:_identify(pythontest/turtlebot4_python_tutorials) by extensions ['colcon_meta']
[0.791s] Level 1:colcon.colcon_core.package_identification:_identify(pythontest/turtlebot4_python_tutorials) by extension 'colcon_meta'
[0.791s] Level 1:colcon.colcon_core.package_identification:_identify(pythontest/turtlebot4_python_tutorials) by extensions ['ros']
[0.791s] Level 1:colcon.colcon_core.package_identification:_identify(pythontest/turtlebot4_python_tutorials) by extension 'ros'
[0.796s] DEBUG:colcon.colcon_core.package_identification:Package 'pythontest/turtlebot4_python_tutorials' with type 'ros.ament_python' and name 'turtlebot4_python_tutorials'
[0.797s] Level 1:colcon.colcon_core.package_identification:_identify(resources) by extensions ['ignore', 'ignore_ament_install']
[0.797s] Level 1:colcon.colcon_core.package_identification:_identify(resources) by extension 'ignore'
[0.797s] Level 1:colcon.colcon_core.package_identification:_identify(resources) by extension 'ignore_ament_install'
[0.797s] Level 1:colcon.colcon_core.package_identification:_identify(resources) by extensions ['colcon_pkg']
[0.797s] Level 1:colcon.colcon_core.package_identification:_identify(resources) by extension 'colcon_pkg'
[0.797s] Level 1:colcon.colcon_core.package_identification:_identify(resources) by extensions ['colcon_meta']
[0.797s] Level 1:colcon.colcon_core.package_identification:_identify(resources) by extension 'colcon_meta'
[0.797s] Level 1:colcon.colcon_core.package_identification:_identify(resources) by extensions ['ros']
[0.797s] Level 1:colcon.colcon_core.package_identification:_identify(resources) by extension 'ros'
[0.797s] Level 1:colcon.colcon_core.package_identification:_identify(resources) by extensions ['cmake', 'python']
[0.797s] Level 1:colcon.colcon_core.package_identification:_identify(resources) by extension 'cmake'
[0.797s] Level 1:colcon.colcon_core.package_identification:_identify(resources) by extension 'python'
[0.797s] Level 1:colcon.colcon_core.package_identification:_identify(resources) by extensions ['python_setup_py']
[0.797s] Level 1:colcon.colcon_core.package_identification:_identify(resources) by extension 'python_setup_py'
[0.797s] Level 1:colcon.colcon_core.package_identification:_identify(src) by extensions ['ignore', 'ignore_ament_install']
[0.798s] Level 1:colcon.colcon_core.package_identification:_identify(src) by extension 'ignore'
[0.798s] Level 1:colcon.colcon_core.package_identification:_identify(src) by extension 'ignore_ament_install'
[0.798s] Level 1:colcon.colcon_core.package_identification:_identify(src) by extensions ['colcon_pkg']
[0.798s] Level 1:colcon.colcon_core.package_identification:_identify(src) by extension 'colcon_pkg'
[0.798s] Level 1:colcon.colcon_core.package_identification:_identify(src) by extensions ['colcon_meta']
[0.798s] Level 1:colcon.colcon_core.package_identification:_identify(src) by extension 'colcon_meta'
[0.798s] Level 1:colcon.colcon_core.package_identification:_identify(src) by extensions ['ros']
[0.798s] Level 1:colcon.colcon_core.package_identification:_identify(src) by extension 'ros'
[0.798s] Level 1:colcon.colcon_core.package_identification:_identify(src) by extensions ['cmake', 'python']
[0.798s] Level 1:colcon.colcon_core.package_identification:_identify(src) by extension 'cmake'
[0.798s] Level 1:colcon.colcon_core.package_identification:_identify(src) by extension 'python'
[0.798s] Level 1:colcon.colcon_core.package_identification:_identify(src) by extensions ['python_setup_py']
[0.798s] Level 1:colcon.colcon_core.package_identification:_identify(src) by extension 'python_setup_py'
[0.798s] Level 1:colcon.colcon_core.package_identification:_identify(turtlebot4_python_move) by extensions ['ignore', 'ignore_ament_install']
[0.798s] Level 1:colcon.colcon_core.package_identification:_identify(turtlebot4_python_move) by extension 'ignore'
[0.798s] Level 1:colcon.colcon_core.package_identification:_identify(turtlebot4_python_move) by extension 'ignore_ament_install'
[0.798s] Level 1:colcon.colcon_core.package_identification:_identify(turtlebot4_python_move) by extensions ['colcon_pkg']
[0.798s] Level 1:colcon.colcon_core.package_identification:_identify(turtlebot4_python_move) by extension 'colcon_pkg'
[0.798s] Level 1:colcon.colcon_core.package_identification:_identify(turtlebot4_python_move) by extensions ['colcon_meta']
[0.798s] Level 1:colcon.colcon_core.package_identification:_identify(turtlebot4_python_move) by extension 'colcon_meta'
[0.798s] Level 1:colcon.colcon_core.package_identification:_identify(turtlebot4_python_move) by extensions ['ros']
[0.798s] Level 1:colcon.colcon_core.package_identification:_identify(turtlebot4_python_move) by extension 'ros'
[0.798s] DEBUG:colcon.colcon_core.package_identification:Package 'turtlebot4_python_move' with type 'ros.ament_python' and name 'turtlebot4_python_move'
[0.799s] Level 1:colcon.colcon_core.package_identification:_identify(yolo-test) by extensions ['ignore', 'ignore_ament_install']
[0.799s] Level 1:colcon.colcon_core.package_identification:_identify(yolo-test) by extension 'ignore'
[0.800s] Level 1:colcon.colcon_core.package_identification:_identify(yolo-test) by extension 'ignore_ament_install'
[0.803s] Level 1:colcon.colcon_core.package_identification:_identify(yolo-test) by extensions ['colcon_pkg']
[0.803s] Level 1:colcon.colcon_core.package_identification:_identify(yolo-test) by extension 'colcon_pkg'
[0.803s] Level 1:colcon.colcon_core.package_identification:_identify(yolo-test) by extensions ['colcon_meta']
[0.803s] Level 1:colcon.colcon_core.package_identification:_identify(yolo-test) by extension 'colcon_meta'
[0.803s] Level 1:colcon.colcon_core.package_identification:_identify(yolo-test) by extensions ['ros']
[0.803s] Level 1:colcon.colcon_core.package_identification:_identify(yolo-test) by extension 'ros'
[0.803s] Level 1:colcon.colcon_core.package_identification:_identify(yolo-test) by extensions ['cmake', 'python']
[0.803s] Level 1:colcon.colcon_core.package_identification:_identify(yolo-test) by extension 'cmake'
[0.803s] Level 1:colcon.colcon_core.package_identification:_identify(yolo-test) by extension 'python'
[0.803s] Level 1:colcon.colcon_core.package_identification:_identify(yolo-test) by extensions ['python_setup_py']
[0.803s] Level 1:colcon.colcon_core.package_identification:_identify(yolo-test) by extension 'python_setup_py'
[0.803s] Level 1:colcon.colcon_core.package_discovery:discover_packages(recursive) using defaults
[0.803s] Level 1:colcon.colcon_core.package_discovery:discover_packages(ignore) discover
[0.803s] Level 1:colcon.colcon_core.package_discovery:discover_packages(ignore) using defaults
[0.803s] Level 1:colcon.colcon_core.package_discovery:discover_packages(path) discover
[0.803s] Level 1:colcon.colcon_core.package_discovery:discover_packages(path) using defaults
[0.847s] INFO:colcon.colcon_core.package_selection:Skipping not selected package 'turtlebot4_python_move' in 'turtlebot4_python_move'
[0.852s] Level 1:colcon.colcon_core.package_discovery:discover_packages(prefix_path) check parameters
[0.852s] Level 1:colcon.colcon_core.package_discovery:discover_packages(prefix_path) discover
[0.859s] DEBUG:colcon.colcon_installed_package_information.package_discovery:Found 4 installed packages in /home/ubuntu/turtlebot4_ws/install
[0.861s] DEBUG:colcon.colcon_installed_package_information.package_discovery:Found 433 installed packages in /opt/ros/humble
[0.863s] Level 1:colcon.colcon_core.package_discovery:discover_packages(prefix_path) using defaults
[1.085s] Level 5:colcon.colcon_core.verb:set package 'turtlebot4_python_tutorials' build argument 'cmake_args' from command line to 'None'
[1.085s] Level 5:colcon.colcon_core.verb:set package 'turtlebot4_python_tutorials' build argument 'cmake_target' from command line to 'None'
[1.085s] Level 5:colcon.colcon_core.verb:set package 'turtlebot4_python_tutorials' build argument 'cmake_target_skip_unavailable' from command line to 'False'
[1.085s] Level 5:colcon.colcon_core.verb:set package 'turtlebot4_python_tutorials' build argument 'cmake_clean_cache' from command line to 'False'
[1.085s] Level 5:colcon.colcon_core.verb:set package 'turtlebot4_python_tutorials' build argument 'cmake_clean_first' from command line to 'False'
[1.085s] Level 5:colcon.colcon_core.verb:set package 'turtlebot4_python_tutorials' build argument 'cmake_force_configure' from command line to 'False'
[1.085s] Level 5:colcon.colcon_core.verb:set package 'turtlebot4_python_tutorials' build argument 'ament_cmake_args' from command line to 'None'
[1.085s] Level 5:colcon.colcon_core.verb:set package 'turtlebot4_python_tutorials' build argument 'catkin_cmake_args' from command line to 'None'
[1.085s] Level 5:colcon.colcon_core.verb:set package 'turtlebot4_python_tutorials' build argument 'catkin_skip_building_tests' from command line to 'False'
[1.085s] DEBUG:colcon.colcon_core.verb:Building package 'turtlebot4_python_tutorials' with the following arguments: {'ament_cmake_args': None, 'build_base': '/home/ubuntu/thu_mavi_eurovision/build/turtlebot4_python_tutorials', 'catkin_cmake_args': None, 'catkin_skip_building_tests': False, 'cmake_args': None, 'cmake_clean_cache': False, 'cmake_clean_first': False, 'cmake_force_configure': False, 'cmake_target': None, 'cmake_target_skip_unavailable': False, 'install_base': '/home/ubuntu/thu_mavi_eurovision/install/turtlebot4_python_tutorials', 'merge_install': False, 'path': '/home/ubuntu/thu_mavi_eurovision/pythontest/turtlebot4_python_tutorials', 'symlink_install': True, 'test_result_base': None}
[1.085s] INFO:colcon.colcon_core.executor:Executing jobs using 'parallel' executor
[1.099s] DEBUG:colcon.colcon_parallel_executor.executor.parallel:run_until_complete
[1.099s] INFO:colcon.colcon_ros.task.ament_python.build:Building ROS package in '/home/ubuntu/thu_mavi_eurovision/pythontest/turtlebot4_python_tutorials' with build type 'ament_python'
[1.099s] Level 1:colcon.colcon_core.shell:create_environment_hook('turtlebot4_python_tutorials', 'ament_prefix_path')
[1.118s] INFO:colcon.colcon_core.plugin_system:Skipping extension 'colcon_core.shell.bat': Not used on non-Windows systems
[1.118s] INFO:colcon.colcon_core.shell:Creating environment hook '/home/ubuntu/thu_mavi_eurovision/install/turtlebot4_python_tutorials/share/turtlebot4_python_tutorials/hook/ament_prefix_path.ps1'
[1.119s] INFO:colcon.colcon_core.shell:Creating environment descriptor '/home/ubuntu/thu_mavi_eurovision/install/turtlebot4_python_tutorials/share/turtlebot4_python_tutorials/hook/ament_prefix_path.dsv'
[1.120s] INFO:colcon.colcon_core.shell:Creating environment hook '/home/ubuntu/thu_mavi_eurovision/install/turtlebot4_python_tutorials/share/turtlebot4_python_tutorials/hook/ament_prefix_path.sh'
[1.121s] INFO:colcon.colcon_core.shell:Skip shell extension 'powershell' for command environment: Not usable outside of PowerShell
[1.121s] DEBUG:colcon.colcon_core.shell:Skip shell extension 'dsv' for command environment
[1.854s] INFO:colcon.colcon_core.task.python.build:Building Python package in '/home/ubuntu/thu_mavi_eurovision/pythontest/turtlebot4_python_tutorials'
[1.856s] INFO:colcon.colcon_core.shell:Skip shell extension 'powershell' for command environment: Not usable outside of PowerShell
[1.856s] DEBUG:colcon.colcon_core.shell:Skip shell extension 'dsv' for command environment
[2.987s] DEBUG:colcon.colcon_core.event_handler.log_command:Invoking command in '/home/ubuntu/thu_mavi_eurovision/build/turtlebot4_python_tutorials': PYTHONPATH=/home/ubuntu/thu_mavi_eurovision/build/turtlebot4_python_tutorials/prefix_override:/home/ubuntu/thu_mavi_eurovision/install/turtlebot4_python_tutorials/lib/python3.10/site-packages:${PYTHONPATH} /usr/bin/python3 setup.py develop --editable --build-directory /home/ubuntu/thu_mavi_eurovision/build/turtlebot4_python_tutorials/build --no-deps install_data
[4.335s] Level 1:colcon.colcon_core.shell:create_environment_hook('turtlebot4_python_tutorials', 'pythonpath_develop')
[4.336s] INFO:colcon.colcon_core.shell:Creating environment hook '/home/ubuntu/thu_mavi_eurovision/build/turtlebot4_python_tutorials/share/turtlebot4_python_tutorials/hook/pythonpath_develop.ps1'
[4.337s] INFO:colcon.colcon_core.shell:Creating environment descriptor '/home/ubuntu/thu_mavi_eurovision/build/turtlebot4_python_tutorials/share/turtlebot4_python_tutorials/hook/pythonpath_develop.dsv'
[4.337s] INFO:colcon.colcon_core.shell:Creating environment hook '/home/ubuntu/thu_mavi_eurovision/build/turtlebot4_python_tutorials/share/turtlebot4_python_tutorials/hook/pythonpath_develop.sh'
[4.344s] DEBUG:colcon.colcon_core.event_handler.log_command:Invoked command in '/home/ubuntu/thu_mavi_eurovision/build/turtlebot4_python_tutorials' returned '0': PYTHONPATH=/home/ubuntu/thu_mavi_eurovision/build/turtlebot4_python_tutorials/prefix_override:/home/ubuntu/thu_mavi_eurovision/install/turtlebot4_python_tutorials/lib/python3.10/site-packages:${PYTHONPATH} /usr/bin/python3 setup.py develop --editable --build-directory /home/ubuntu/thu_mavi_eurovision/build/turtlebot4_python_tutorials/build --no-deps install_data
[4.357s] Level 1:colcon.colcon_core.environment:checking '/home/ubuntu/thu_mavi_eurovision/install/turtlebot4_python_tutorials' for CMake module files
[4.357s] Level 1:colcon.colcon_core.environment:checking '/home/ubuntu/thu_mavi_eurovision/install/turtlebot4_python_tutorials' for CMake config files
[4.358s] Level 1:colcon.colcon_core.environment:checking '/home/ubuntu/thu_mavi_eurovision/install/turtlebot4_python_tutorials/lib'
[4.358s] Level 1:colcon.colcon_core.environment:checking '/home/ubuntu/thu_mavi_eurovision/install/turtlebot4_python_tutorials/bin'
[4.358s] Level 1:colcon.colcon_core.environment:checking '/home/ubuntu/thu_mavi_eurovision/install/turtlebot4_python_tutorials/lib/pkgconfig/turtlebot4_python_tutorials.pc'
[4.358s] Level 1:colcon.colcon_core.environment:checking '/home/ubuntu/thu_mavi_eurovision/install/turtlebot4_python_tutorials/lib/python3.10/site-packages'
[4.358s] Level 1:colcon.colcon_core.shell:create_environment_hook('turtlebot4_python_tutorials', 'pythonpath')
[4.358s] INFO:colcon.colcon_core.shell:Creating environment hook '/home/ubuntu/thu_mavi_eurovision/install/turtlebot4_python_tutorials/share/turtlebot4_python_tutorials/hook/pythonpath.ps1'
[4.359s] INFO:colcon.colcon_core.shell:Creating environment descriptor '/home/ubuntu/thu_mavi_eurovision/install/turtlebot4_python_tutorials/share/turtlebot4_python_tutorials/hook/pythonpath.dsv'
[4.359s] INFO:colcon.colcon_core.shell:Creating environment hook '/home/ubuntu/thu_mavi_eurovision/install/turtlebot4_python_tutorials/share/turtlebot4_python_tutorials/hook/pythonpath.sh'
[4.368s] Level 1:colcon.colcon_core.environment:checking '/home/ubuntu/thu_mavi_eurovision/install/turtlebot4_python_tutorials/bin'
[4.369s] Level 1:colcon.colcon_core.environment:create_environment_scripts_only(turtlebot4_python_tutorials)
[4.369s] INFO:colcon.colcon_core.shell:Creating package script '/home/ubuntu/thu_mavi_eurovision/install/turtlebot4_python_tutorials/share/turtlebot4_python_tutorials/package.ps1'
[4.371s] INFO:colcon.colcon_core.shell:Creating package descriptor '/home/ubuntu/thu_mavi_eurovision/install/turtlebot4_python_tutorials/share/turtlebot4_python_tutorials/package.dsv'
[4.372s] INFO:colcon.colcon_core.shell:Creating package script '/home/ubuntu/thu_mavi_eurovision/install/turtlebot4_python_tutorials/share/turtlebot4_python_tutorials/package.sh'
[4.376s] INFO:colcon.colcon_core.shell:Creating package script '/home/ubuntu/thu_mavi_eurovision/install/turtlebot4_python_tutorials/share/turtlebot4_python_tutorials/package.bash'
[4.376s] INFO:colcon.colcon_core.shell:Creating package script '/home/ubuntu/thu_mavi_eurovision/install/turtlebot4_python_tutorials/share/turtlebot4_python_tutorials/package.zsh'
[4.379s] Level 1:colcon.colcon_core.environment:create_file_with_runtime_dependencies(/home/ubuntu/thu_mavi_eurovision/install/turtlebot4_python_tutorials/share/colcon-core/packages/turtlebot4_python_tutorials)
[4.380s] DEBUG:colcon.colcon_parallel_executor.executor.parallel:closing loop
[4.380s] DEBUG:colcon.colcon_parallel_executor.executor.parallel:loop closed
[4.380s] DEBUG:colcon.colcon_parallel_executor.executor.parallel:run_until_complete finished with '0'
[4.380s] DEBUG:colcon.colcon_core.event_reactor:joining thread
[4.406s] INFO:colcon.colcon_core.plugin_system:Skipping extension 'colcon_notification.desktop_notification.terminal_notifier': Not used on non-Darwin systems
[4.406s] INFO:colcon.colcon_core.plugin_system:Skipping extension 'colcon_notification.desktop_notification.win32': Not used on non-Windows systems
[4.406s] INFO:colcon.colcon_notification.desktop_notification:Sending desktop notification using 'notify2'
[4.455s] DEBUG:colcon.colcon_core.event_reactor:joined thread
[4.456s] INFO:colcon.colcon_core.shell:Creating prefix script '/home/ubuntu/thu_mavi_eurovision/install/local_setup.ps1'
[4.460s] INFO:colcon.colcon_core.shell:Creating prefix util module '/home/ubuntu/thu_mavi_eurovision/install/_local_setup_util_ps1.py'
[4.461s] INFO:colcon.colcon_core.shell:Creating prefix chain script '/home/ubuntu/thu_mavi_eurovision/install/setup.ps1'
[4.476s] INFO:colcon.colcon_core.shell:Creating prefix script '/home/ubuntu/thu_mavi_eurovision/install/local_setup.sh'
[4.480s] INFO:colcon.colcon_core.shell:Creating prefix util module '/home/ubuntu/thu_mavi_eurovision/install/_local_setup_util_sh.py'
[4.480s] INFO:colcon.colcon_core.shell:Creating prefix chain script '/home/ubuntu/thu_mavi_eurovision/install/setup.sh'
[4.483s] INFO:colcon.colcon_core.shell:Creating prefix script '/home/ubuntu/thu_mavi_eurovision/install/local_setup.bash'
[4.485s] INFO:colcon.colcon_core.shell:Creating prefix chain script '/home/ubuntu/thu_mavi_eurovision/install/setup.bash'
[4.489s] INFO:colcon.colcon_core.shell:Creating prefix script '/home/ubuntu/thu_mavi_eurovision/install/local_setup.zsh'
[4.491s] INFO:colcon.colcon_core.shell:Creating prefix chain script '/home/ubuntu/thu_mavi_eurovision/install/setup.zsh'
