[0.924s] Invoking command in '/home/ubuntu/thu_mavi_eurovision/build/turtlebot4_python_move': PYTHONPATH=/home/ubuntu/thu_mavi_eurovision/build/turtlebot4_python_move/prefix_override:/home/ubuntu/thu_mavi_eurovision/install/turtlebot4_python_move/lib/python3.10/site-packages:${PYTHONPATH} /usr/bin/python3 setup.py develop --editable --build-directory /home/ubuntu/thu_mavi_eurovision/build/turtlebot4_python_move/build --no-deps install_data
[1.216s] running develop
[1.220s] /usr/lib/python3/dist-packages/setuptools/command/easy_install.py:158: EasyInstallDeprecationWarning: easy_install command is deprecated. Use build and pip and other standards-based tools.
[1.220s]   warnings.warn(
[1.221s] /usr/lib/python3/dist-packages/setuptools/command/install.py:34: SetuptoolsDeprecationWarning: setup.py install is deprecated. Use build and pip and other standards-based tools.
[1.221s]   warnings.warn(
[1.304s] /usr/lib/python3/dist-packages/pkg_resources/__init__.py:116: PkgResourcesDeprecationWarning: 1.16.0-unknown is an invalid version and will not be supported in a future release
[1.304s]   warnings.warn(
[1.305s] /usr/lib/python3/dist-packages/pkg_resources/__init__.py:116: PkgResourcesDeprecationWarning: 1.1build1 is an invalid version and will not be supported in a future release
[1.305s]   warnings.warn(
[1.306s] /usr/lib/python3/dist-packages/pkg_resources/__init__.py:116: PkgResourcesDeprecationWarning: 0.1.43ubuntu1 is an invalid version and will not be supported in a future release
[1.306s]   warnings.warn(
[1.433s] running egg_info
[1.434s] creating turtlebot4_python_move.egg-info
[1.434s] writing turtlebot4_python_move.egg-info/PKG-INFO
[1.434s] writing dependency_links to turtlebot4_python_move.egg-info/dependency_links.txt
[1.435s] writing entry points to turtlebot4_python_move.egg-info/entry_points.txt
[1.435s] writing requirements to turtlebot4_python_move.egg-info/requires.txt
[1.435s] writing top-level names to turtlebot4_python_move.egg-info/top_level.txt
[1.435s] writing manifest file 'turtlebot4_python_move.egg-info/SOURCES.txt'
[1.437s] reading manifest file 'turtlebot4_python_move.egg-info/SOURCES.txt'
[1.438s] writing manifest file 'turtlebot4_python_move.egg-info/SOURCES.txt'
[1.439s] running build_ext
[1.439s] Creating /home/ubuntu/thu_mavi_eurovision/install/turtlebot4_python_move/lib/python3.10/site-packages/turtlebot4-python-move.egg-link (link to .)
[1.451s] Installing turtlebot4_python_move_node script to /home/ubuntu/thu_mavi_eurovision/install/turtlebot4_python_move/lib/turtlebot4_python_move
[1.451s] 
[1.452s] Installed /home/ubuntu/thu_mavi_eurovision/build/turtlebot4_python_move
[1.452s] running install_data
[1.452s] creating /home/ubuntu/thu_mavi_eurovision/install/turtlebot4_python_move/share/ament_index
[1.452s] creating /home/ubuntu/thu_mavi_eurovision/install/turtlebot4_python_move/share/ament_index/resource_index
[1.452s] creating /home/ubuntu/thu_mavi_eurovision/install/turtlebot4_python_move/share/ament_index/resource_index/packages
[1.452s] copying resource/turtlebot4_python_move -> /home/ubuntu/thu_mavi_eurovision/install/turtlebot4_python_move/share/ament_index/resource_index/packages
[1.453s] copying package.xml -> /home/ubuntu/thu_mavi_eurovision/install/turtlebot4_python_move/share/turtlebot4_python_move
[1.497s] Invoked command in '/home/ubuntu/thu_mavi_eurovision/build/turtlebot4_python_move' returned '0': PYTHONPATH=/home/ubuntu/thu_mavi_eurovision/build/turtlebot4_python_move/prefix_override:/home/ubuntu/thu_mavi_eurovision/install/turtlebot4_python_move/lib/python3.10/site-packages:${PYTHONPATH} /usr/bin/python3 setup.py develop --editable --build-directory /home/ubuntu/thu_mavi_eurovision/build/turtlebot4_python_move/build --no-deps install_data
