[0.256s] DEBUG:colcon:Command line arguments: ['/usr/bin/colcon', 'build', '--symlink-install', '--packages-select', 'turtlebot4_python_tutorials']
[0.256s] DEBUG:colcon:Parsed command line arguments: Namespace(log_base=None, log_level=None, verb_name='build', build_base='build', install_base='install', merge_install=False, symlink_install=True, test_result_base=None, continue_on_error=False, executor='parallel', parallel_workers=1, event_handlers=None, ignore_user_meta=False, metas=['./colcon.meta'], base_paths=['.'], packages_ignore=None, packages_ignore_regex=None, paths=None, packages_up_to=None, packages_up_to_regex=None, packages_above=None, packages_above_and_dependencies=None, packages_above_depth=None, packages_select_by_dep=None, packages_skip_by_dep=None, packages_skip_up_to=None, packages_select_build_failed=False, packages_skip_build_finished=False, packages_select_test_failures=False, packages_skip_test_passed=False, packages_select=['turtlebot4_python_tutorials'], packages_skip=None, packages_select_regex=None, packages_skip_regex=None, packages_start=None, packages_end=None, allow_overriding=[], cmake_args=None, cmake_target=None, cmake_target_skip_unavailable=False, cmake_clean_cache=False, cmake_clean_first=False, cmake_force_configure=False, ament_cmake_args=None, catkin_cmake_args=None, catkin_skip_building_tests=False, verb_parser=<colcon_defaults.argument_parser.defaults.DefaultArgumentsDecorator object at 0x7f3f6d465750>, verb_extension=<colcon_core.verb.build.BuildVerb object at 0x7f3f6de12e60>, main=<bound method BuildVerb.main of <colcon_core.verb.build.BuildVerb object at 0x7f3f6de12e60>>)
[0.280s] Level 1:colcon.colcon_core.package_discovery:discover_packages(colcon_meta) check parameters
[0.280s] Level 1:colcon.colcon_core.package_discovery:discover_packages(recursive) check parameters
[0.280s] Level 1:colcon.colcon_core.package_discovery:discover_packages(ignore) check parameters
[0.280s] Level 1:colcon.colcon_core.package_discovery:discover_packages(path) check parameters
[0.281s] Level 1:colcon.colcon_core.package_discovery:discover_packages(colcon_meta) discover
[0.281s] Level 1:colcon.colcon_core.package_discovery:discover_packages(recursive) discover
[0.281s] INFO:colcon.colcon_core.package_discovery:Crawling recursively for packages in '/home/ubuntu/thu_mavi_eurovision'
[0.281s] Level 1:colcon.colcon_core.package_identification:_identify(.) by extensions ['ignore', 'ignore_ament_install']
[0.281s] Level 1:colcon.colcon_core.package_identification:_identify(.) by extension 'ignore'
[0.281s] Level 1:colcon.colcon_core.package_identification:_identify(.) by extension 'ignore_ament_install'
[0.281s] Level 1:colcon.colcon_core.package_identification:_identify(.) by extensions ['colcon_pkg']
[0.281s] Level 1:colcon.colcon_core.package_identification:_identify(.) by extension 'colcon_pkg'
[0.281s] Level 1:colcon.colcon_core.package_identification:_identify(.) by extensions ['colcon_meta']
[0.281s] Level 1:colcon.colcon_core.package_identification:_identify(.) by extension 'colcon_meta'
[0.281s] Level 1:colcon.colcon_core.package_identification:_identify(.) by extensions ['ros']
[0.281s] Level 1:colcon.colcon_core.package_identification:_identify(.) by extension 'ros'
[0.289s] Level 1:colcon.colcon_core.package_identification:_identify(.) by extensions ['cmake', 'python']
[0.289s] Level 1:colcon.colcon_core.package_identification:_identify(.) by extension 'cmake'
[0.289s] Level 1:colcon.colcon_core.package_identification:_identify(.) by extension 'python'
[0.289s] Level 1:colcon.colcon_core.package_identification:_identify(.) by extensions ['python_setup_py']
[0.289s] Level 1:colcon.colcon_core.package_identification:_identify(.) by extension 'python_setup_py'
[0.289s] Level 1:colcon.colcon_core.package_identification:_identify(build) by extensions ['ignore', 'ignore_ament_install']
[0.289s] Level 1:colcon.colcon_core.package_identification:_identify(build) by extension 'ignore'
[0.289s] Level 1:colcon.colcon_core.package_identification:_identify(build) ignored
[0.289s] Level 1:colcon.colcon_core.package_identification:_identify(camera_mount) by extensions ['ignore', 'ignore_ament_install']
[0.289s] Level 1:colcon.colcon_core.package_identification:_identify(camera_mount) by extension 'ignore'
[0.289s] Level 1:colcon.colcon_core.package_identification:_identify(camera_mount) by extension 'ignore_ament_install'
[0.289s] Level 1:colcon.colcon_core.package_identification:_identify(camera_mount) by extensions ['colcon_pkg']
[0.289s] Level 1:colcon.colcon_core.package_identification:_identify(camera_mount) by extension 'colcon_pkg'
[0.289s] Level 1:colcon.colcon_core.package_identification:_identify(camera_mount) by extensions ['colcon_meta']
[0.289s] Level 1:colcon.colcon_core.package_identification:_identify(camera_mount) by extension 'colcon_meta'
[0.289s] Level 1:colcon.colcon_core.package_identification:_identify(camera_mount) by extensions ['ros']
[0.289s] Level 1:colcon.colcon_core.package_identification:_identify(camera_mount) by extension 'ros'
[0.289s] Level 1:colcon.colcon_core.package_identification:_identify(camera_mount) by extensions ['cmake', 'python']
[0.289s] Level 1:colcon.colcon_core.package_identification:_identify(camera_mount) by extension 'cmake'
[0.289s] Level 1:colcon.colcon_core.package_identification:_identify(camera_mount) by extension 'python'
[0.289s] Level 1:colcon.colcon_core.package_identification:_identify(camera_mount) by extensions ['python_setup_py']
[0.289s] Level 1:colcon.colcon_core.package_identification:_identify(camera_mount) by extension 'python_setup_py'
[0.289s] Level 1:colcon.colcon_core.package_identification:_identify(install) by extensions ['ignore', 'ignore_ament_install']
[0.289s] Level 1:colcon.colcon_core.package_identification:_identify(install) by extension 'ignore'
[0.289s] Level 1:colcon.colcon_core.package_identification:_identify(install) ignored
[0.289s] Level 1:colcon.colcon_core.package_identification:_identify(log) by extensions ['ignore', 'ignore_ament_install']
[0.290s] Level 1:colcon.colcon_core.package_identification:_identify(log) by extension 'ignore'
[0.290s] Level 1:colcon.colcon_core.package_identification:_identify(log) ignored
[0.290s] Level 1:colcon.colcon_core.package_identification:_identify(opencv-test) by extensions ['ignore', 'ignore_ament_install']
[0.290s] Level 1:colcon.colcon_core.package_identification:_identify(opencv-test) by extension 'ignore'
[0.290s] Level 1:colcon.colcon_core.package_identification:_identify(opencv-test) by extension 'ignore_ament_install'
[0.290s] Level 1:colcon.colcon_core.package_identification:_identify(opencv-test) by extensions ['colcon_pkg']
[0.290s] Level 1:colcon.colcon_core.package_identification:_identify(opencv-test) by extension 'colcon_pkg'
[0.290s] Level 1:colcon.colcon_core.package_identification:_identify(opencv-test) by extensions ['colcon_meta']
[0.290s] Level 1:colcon.colcon_core.package_identification:_identify(opencv-test) by extension 'colcon_meta'
[0.290s] Level 1:colcon.colcon_core.package_identification:_identify(opencv-test) by extensions ['ros']
[0.290s] Level 1:colcon.colcon_core.package_identification:_identify(opencv-test) by extension 'ros'
[0.290s] Level 1:colcon.colcon_core.package_identification:_identify(opencv-test) by extensions ['cmake', 'python']
[0.290s] Level 1:colcon.colcon_core.package_identification:_identify(opencv-test) by extension 'cmake'
[0.290s] Level 1:colcon.colcon_core.package_identification:_identify(opencv-test) by extension 'python'
[0.290s] Level 1:colcon.colcon_core.package_identification:_identify(opencv-test) by extensions ['python_setup_py']
[0.290s] Level 1:colcon.colcon_core.package_identification:_identify(opencv-test) by extension 'python_setup_py'
[0.290s] Level 1:colcon.colcon_core.package_identification:_identify(pythontest) by extensions ['ignore', 'ignore_ament_install']
[0.290s] Level 1:colcon.colcon_core.package_identification:_identify(pythontest) by extension 'ignore'
[0.290s] Level 1:colcon.colcon_core.package_identification:_identify(pythontest) by extension 'ignore_ament_install'
[0.290s] Level 1:colcon.colcon_core.package_identification:_identify(pythontest) by extensions ['colcon_pkg']
[0.290s] Level 1:colcon.colcon_core.package_identification:_identify(pythontest) by extension 'colcon_pkg'
[0.290s] Level 1:colcon.colcon_core.package_identification:_identify(pythontest) by extensions ['colcon_meta']
[0.290s] Level 1:colcon.colcon_core.package_identification:_identify(pythontest) by extension 'colcon_meta'
[0.290s] Level 1:colcon.colcon_core.package_identification:_identify(pythontest) by extensions ['ros']
[0.290s] Level 1:colcon.colcon_core.package_identification:_identify(pythontest) by extension 'ros'
[0.290s] Level 1:colcon.colcon_core.package_identification:_identify(pythontest) by extensions ['cmake', 'python']
[0.290s] Level 1:colcon.colcon_core.package_identification:_identify(pythontest) by extension 'cmake'
[0.290s] Level 1:colcon.colcon_core.package_identification:_identify(pythontest) by extension 'python'
[0.290s] Level 1:colcon.colcon_core.package_identification:_identify(pythontest) by extensions ['python_setup_py']
[0.290s] Level 1:colcon.colcon_core.package_identification:_identify(pythontest) by extension 'python_setup_py'
[0.290s] Level 1:colcon.colcon_core.package_identification:_identify(pythontest/turtlebot4_python_tutorials) by extensions ['ignore', 'ignore_ament_install']
[0.290s] Level 1:colcon.colcon_core.package_identification:_identify(pythontest/turtlebot4_python_tutorials) by extension 'ignore'
[0.290s] Level 1:colcon.colcon_core.package_identification:_identify(pythontest/turtlebot4_python_tutorials) by extension 'ignore_ament_install'
[0.290s] Level 1:colcon.colcon_core.package_identification:_identify(pythontest/turtlebot4_python_tutorials) by extensions ['colcon_pkg']
[0.290s] Level 1:colcon.colcon_core.package_identification:_identify(pythontest/turtlebot4_python_tutorials) by extension 'colcon_pkg'
[0.290s] Level 1:colcon.colcon_core.package_identification:_identify(pythontest/turtlebot4_python_tutorials) by extensions ['colcon_meta']
[0.290s] Level 1:colcon.colcon_core.package_identification:_identify(pythontest/turtlebot4_python_tutorials) by extension 'colcon_meta'
[0.290s] Level 1:colcon.colcon_core.package_identification:_identify(pythontest/turtlebot4_python_tutorials) by extensions ['ros']
[0.290s] Level 1:colcon.colcon_core.package_identification:_identify(pythontest/turtlebot4_python_tutorials) by extension 'ros'
[0.292s] DEBUG:colcon.colcon_core.package_identification:Package 'pythontest/turtlebot4_python_tutorials' with type 'ros.ament_python' and name 'turtlebot4_python_tutorials'
[0.292s] Level 1:colcon.colcon_core.package_identification:_identify(resources) by extensions ['ignore', 'ignore_ament_install']
[0.292s] Level 1:colcon.colcon_core.package_identification:_identify(resources) by extension 'ignore'
[0.292s] Level 1:colcon.colcon_core.package_identification:_identify(resources) by extension 'ignore_ament_install'
[0.292s] Level 1:colcon.colcon_core.package_identification:_identify(resources) by extensions ['colcon_pkg']
[0.292s] Level 1:colcon.colcon_core.package_identification:_identify(resources) by extension 'colcon_pkg'
[0.292s] Level 1:colcon.colcon_core.package_identification:_identify(resources) by extensions ['colcon_meta']
[0.292s] Level 1:colcon.colcon_core.package_identification:_identify(resources) by extension 'colcon_meta'
[0.292s] Level 1:colcon.colcon_core.package_identification:_identify(resources) by extensions ['ros']
[0.292s] Level 1:colcon.colcon_core.package_identification:_identify(resources) by extension 'ros'
[0.292s] Level 1:colcon.colcon_core.package_identification:_identify(resources) by extensions ['cmake', 'python']
[0.292s] Level 1:colcon.colcon_core.package_identification:_identify(resources) by extension 'cmake'
[0.292s] Level 1:colcon.colcon_core.package_identification:_identify(resources) by extension 'python'
[0.292s] Level 1:colcon.colcon_core.package_identification:_identify(resources) by extensions ['python_setup_py']
[0.292s] Level 1:colcon.colcon_core.package_identification:_identify(resources) by extension 'python_setup_py'
[0.292s] Level 1:colcon.colcon_core.package_identification:_identify(src) by extensions ['ignore', 'ignore_ament_install']
[0.292s] Level 1:colcon.colcon_core.package_identification:_identify(src) by extension 'ignore'
[0.293s] Level 1:colcon.colcon_core.package_identification:_identify(src) by extension 'ignore_ament_install'
[0.293s] Level 1:colcon.colcon_core.package_identification:_identify(src) by extensions ['colcon_pkg']
[0.293s] Level 1:colcon.colcon_core.package_identification:_identify(src) by extension 'colcon_pkg'
[0.293s] Level 1:colcon.colcon_core.package_identification:_identify(src) by extensions ['colcon_meta']
[0.293s] Level 1:colcon.colcon_core.package_identification:_identify(src) by extension 'colcon_meta'
[0.293s] Level 1:colcon.colcon_core.package_identification:_identify(src) by extensions ['ros']
[0.293s] Level 1:colcon.colcon_core.package_identification:_identify(src) by extension 'ros'
[0.293s] Level 1:colcon.colcon_core.package_identification:_identify(src) by extensions ['cmake', 'python']
[0.293s] Level 1:colcon.colcon_core.package_identification:_identify(src) by extension 'cmake'
[0.293s] Level 1:colcon.colcon_core.package_identification:_identify(src) by extension 'python'
[0.293s] Level 1:colcon.colcon_core.package_identification:_identify(src) by extensions ['python_setup_py']
[0.293s] Level 1:colcon.colcon_core.package_identification:_identify(src) by extension 'python_setup_py'
[0.293s] Level 1:colcon.colcon_core.package_identification:_identify(turtlebot4_python_move) by extensions ['ignore', 'ignore_ament_install']
[0.293s] Level 1:colcon.colcon_core.package_identification:_identify(turtlebot4_python_move) by extension 'ignore'
[0.293s] Level 1:colcon.colcon_core.package_identification:_identify(turtlebot4_python_move) by extension 'ignore_ament_install'
[0.293s] Level 1:colcon.colcon_core.package_identification:_identify(turtlebot4_python_move) by extensions ['colcon_pkg']
[0.293s] Level 1:colcon.colcon_core.package_identification:_identify(turtlebot4_python_move) by extension 'colcon_pkg'
[0.293s] Level 1:colcon.colcon_core.package_identification:_identify(turtlebot4_python_move) by extensions ['colcon_meta']
[0.293s] Level 1:colcon.colcon_core.package_identification:_identify(turtlebot4_python_move) by extension 'colcon_meta'
[0.293s] Level 1:colcon.colcon_core.package_identification:_identify(turtlebot4_python_move) by extensions ['ros']
[0.293s] Level 1:colcon.colcon_core.package_identification:_identify(turtlebot4_python_move) by extension 'ros'
[0.293s] DEBUG:colcon.colcon_core.package_identification:Package 'turtlebot4_python_move' with type 'ros.ament_python' and name 'turtlebot4_python_move'
[0.294s] Level 1:colcon.colcon_core.package_identification:_identify(yolo-test) by extensions ['ignore', 'ignore_ament_install']
[0.294s] Level 1:colcon.colcon_core.package_identification:_identify(yolo-test) by extension 'ignore'
[0.294s] Level 1:colcon.colcon_core.package_identification:_identify(yolo-test) by extension 'ignore_ament_install'
[0.294s] Level 1:colcon.colcon_core.package_identification:_identify(yolo-test) by extensions ['colcon_pkg']
[0.294s] Level 1:colcon.colcon_core.package_identification:_identify(yolo-test) by extension 'colcon_pkg'
[0.294s] Level 1:colcon.colcon_core.package_identification:_identify(yolo-test) by extensions ['colcon_meta']
[0.294s] Level 1:colcon.colcon_core.package_identification:_identify(yolo-test) by extension 'colcon_meta'
[0.294s] Level 1:colcon.colcon_core.package_identification:_identify(yolo-test) by extensions ['ros']
[0.294s] Level 1:colcon.colcon_core.package_identification:_identify(yolo-test) by extension 'ros'
[0.294s] Level 1:colcon.colcon_core.package_identification:_identify(yolo-test) by extensions ['cmake', 'python']
[0.294s] Level 1:colcon.colcon_core.package_identification:_identify(yolo-test) by extension 'cmake'
[0.294s] Level 1:colcon.colcon_core.package_identification:_identify(yolo-test) by extension 'python'
[0.294s] Level 1:colcon.colcon_core.package_identification:_identify(yolo-test) by extensions ['python_setup_py']
[0.294s] Level 1:colcon.colcon_core.package_identification:_identify(yolo-test) by extension 'python_setup_py'
[0.294s] Level 1:colcon.colcon_core.package_discovery:discover_packages(recursive) using defaults
[0.294s] Level 1:colcon.colcon_core.package_discovery:discover_packages(ignore) discover
[0.294s] Level 1:colcon.colcon_core.package_discovery:discover_packages(ignore) using defaults
[0.294s] Level 1:colcon.colcon_core.package_discovery:discover_packages(path) discover
[0.294s] Level 1:colcon.colcon_core.package_discovery:discover_packages(path) using defaults
[0.311s] INFO:colcon.colcon_core.package_selection:Skipping not selected package 'turtlebot4_python_move' in 'turtlebot4_python_move'
[0.311s] Level 1:colcon.colcon_core.package_discovery:discover_packages(prefix_path) check parameters
[0.311s] Level 1:colcon.colcon_core.package_discovery:discover_packages(prefix_path) discover
[0.313s] DEBUG:colcon.colcon_installed_package_information.package_discovery:Found 1 installed packages in /home/ubuntu/thu_mavi_eurovision/install
[0.314s] DEBUG:colcon.colcon_installed_package_information.package_discovery:Found 0 installed packages in /home/ubuntu/thu_mavi_eurovision/turtlebot4_python_move/install
[0.314s] DEBUG:colcon.colcon_installed_package_information.package_discovery:Found 4 installed packages in /home/ubuntu/turtlebot4_ws/install
[0.316s] DEBUG:colcon.colcon_installed_package_information.package_discovery:Found 433 installed packages in /opt/ros/humble
[0.317s] Level 1:colcon.colcon_core.package_discovery:discover_packages(prefix_path) using defaults
[0.357s] Level 5:colcon.colcon_core.verb:set package 'turtlebot4_python_tutorials' build argument 'cmake_args' from command line to 'None'
[0.357s] Level 5:colcon.colcon_core.verb:set package 'turtlebot4_python_tutorials' build argument 'cmake_target' from command line to 'None'
[0.357s] Level 5:colcon.colcon_core.verb:set package 'turtlebot4_python_tutorials' build argument 'cmake_target_skip_unavailable' from command line to 'False'
[0.357s] Level 5:colcon.colcon_core.verb:set package 'turtlebot4_python_tutorials' build argument 'cmake_clean_cache' from command line to 'False'
[0.357s] Level 5:colcon.colcon_core.verb:set package 'turtlebot4_python_tutorials' build argument 'cmake_clean_first' from command line to 'False'
[0.357s] Level 5:colcon.colcon_core.verb:set package 'turtlebot4_python_tutorials' build argument 'cmake_force_configure' from command line to 'False'
[0.357s] Level 5:colcon.colcon_core.verb:set package 'turtlebot4_python_tutorials' build argument 'ament_cmake_args' from command line to 'None'
[0.357s] Level 5:colcon.colcon_core.verb:set package 'turtlebot4_python_tutorials' build argument 'catkin_cmake_args' from command line to 'None'
[0.357s] Level 5:colcon.colcon_core.verb:set package 'turtlebot4_python_tutorials' build argument 'catkin_skip_building_tests' from command line to 'False'
[0.357s] DEBUG:colcon.colcon_core.verb:Building package 'turtlebot4_python_tutorials' with the following arguments: {'ament_cmake_args': None, 'build_base': '/home/ubuntu/thu_mavi_eurovision/build/turtlebot4_python_tutorials', 'catkin_cmake_args': None, 'catkin_skip_building_tests': False, 'cmake_args': None, 'cmake_clean_cache': False, 'cmake_clean_first': False, 'cmake_force_configure': False, 'cmake_target': None, 'cmake_target_skip_unavailable': False, 'install_base': '/home/ubuntu/thu_mavi_eurovision/install/turtlebot4_python_tutorials', 'merge_install': False, 'path': '/home/ubuntu/thu_mavi_eurovision/pythontest/turtlebot4_python_tutorials', 'symlink_install': True, 'test_result_base': None}
[0.357s] INFO:colcon.colcon_core.executor:Executing jobs using 'parallel' executor
[0.359s] DEBUG:colcon.colcon_parallel_executor.executor.parallel:run_until_complete
[0.359s] INFO:colcon.colcon_ros.task.ament_python.build:Building ROS package in '/home/ubuntu/thu_mavi_eurovision/pythontest/turtlebot4_python_tutorials' with build type 'ament_python'
[0.359s] Level 1:colcon.colcon_core.shell:create_environment_hook('turtlebot4_python_tutorials', 'ament_prefix_path')
[0.361s] INFO:colcon.colcon_core.plugin_system:Skipping extension 'colcon_core.shell.bat': Not used on non-Windows systems
[0.362s] INFO:colcon.colcon_core.shell:Creating environment hook '/home/ubuntu/thu_mavi_eurovision/install/turtlebot4_python_tutorials/share/turtlebot4_python_tutorials/hook/ament_prefix_path.ps1'
[0.362s] INFO:colcon.colcon_core.shell:Creating environment descriptor '/home/ubuntu/thu_mavi_eurovision/install/turtlebot4_python_tutorials/share/turtlebot4_python_tutorials/hook/ament_prefix_path.dsv'
[0.362s] INFO:colcon.colcon_core.shell:Creating environment hook '/home/ubuntu/thu_mavi_eurovision/install/turtlebot4_python_tutorials/share/turtlebot4_python_tutorials/hook/ament_prefix_path.sh'
[0.364s] INFO:colcon.colcon_core.shell:Skip shell extension 'powershell' for command environment: Not usable outside of PowerShell
[0.364s] DEBUG:colcon.colcon_core.shell:Skip shell extension 'dsv' for command environment
[0.746s] INFO:colcon.colcon_core.task.python.build:Building Python package in '/home/ubuntu/thu_mavi_eurovision/pythontest/turtlebot4_python_tutorials'
[0.747s] INFO:colcon.colcon_core.shell:Skip shell extension 'powershell' for command environment: Not usable outside of PowerShell
[0.747s] DEBUG:colcon.colcon_core.shell:Skip shell extension 'dsv' for command environment
[1.216s] DEBUG:colcon.colcon_core.event_handler.log_command:Invoking command in '/home/ubuntu/thu_mavi_eurovision/build/turtlebot4_python_tutorials': PYTHONPATH=/home/ubuntu/thu_mavi_eurovision/build/turtlebot4_python_tutorials/prefix_override:/home/ubuntu/thu_mavi_eurovision/install/turtlebot4_python_tutorials/lib/python3.10/site-packages:${PYTHONPATH} /usr/bin/python3 setup.py develop --editable --build-directory /home/ubuntu/thu_mavi_eurovision/build/turtlebot4_python_tutorials/build --no-deps install_data
[1.809s] Level 1:colcon.colcon_core.shell:create_environment_hook('turtlebot4_python_tutorials', 'pythonpath_develop')
[1.810s] INFO:colcon.colcon_core.shell:Creating environment hook '/home/ubuntu/thu_mavi_eurovision/build/turtlebot4_python_tutorials/share/turtlebot4_python_tutorials/hook/pythonpath_develop.ps1'
[1.810s] INFO:colcon.colcon_core.shell:Creating environment descriptor '/home/ubuntu/thu_mavi_eurovision/build/turtlebot4_python_tutorials/share/turtlebot4_python_tutorials/hook/pythonpath_develop.dsv'
[1.812s] DEBUG:colcon.colcon_core.event_handler.log_command:Invoked command in '/home/ubuntu/thu_mavi_eurovision/build/turtlebot4_python_tutorials' returned '0': PYTHONPATH=/home/ubuntu/thu_mavi_eurovision/build/turtlebot4_python_tutorials/prefix_override:/home/ubuntu/thu_mavi_eurovision/install/turtlebot4_python_tutorials/lib/python3.10/site-packages:${PYTHONPATH} /usr/bin/python3 setup.py develop --editable --build-directory /home/ubuntu/thu_mavi_eurovision/build/turtlebot4_python_tutorials/build --no-deps install_data
[1.812s] INFO:colcon.colcon_core.shell:Creating environment hook '/home/ubuntu/thu_mavi_eurovision/build/turtlebot4_python_tutorials/share/turtlebot4_python_tutorials/hook/pythonpath_develop.sh'
[1.820s] Level 1:colcon.colcon_core.environment:checking '/home/ubuntu/thu_mavi_eurovision/install/turtlebot4_python_tutorials' for CMake module files
[1.820s] Level 1:colcon.colcon_core.environment:checking '/home/ubuntu/thu_mavi_eurovision/install/turtlebot4_python_tutorials' for CMake config files
[1.820s] Level 1:colcon.colcon_core.environment:checking '/home/ubuntu/thu_mavi_eurovision/install/turtlebot4_python_tutorials/lib'
[1.823s] Level 1:colcon.colcon_core.environment:checking '/home/ubuntu/thu_mavi_eurovision/install/turtlebot4_python_tutorials/bin'
[1.823s] Level 1:colcon.colcon_core.environment:checking '/home/ubuntu/thu_mavi_eurovision/install/turtlebot4_python_tutorials/lib/pkgconfig/turtlebot4_python_tutorials.pc'
[1.823s] Level 1:colcon.colcon_core.environment:checking '/home/ubuntu/thu_mavi_eurovision/install/turtlebot4_python_tutorials/lib/python3.10/site-packages'
[1.823s] Level 1:colcon.colcon_core.shell:create_environment_hook('turtlebot4_python_tutorials', 'pythonpath')
[1.824s] INFO:colcon.colcon_core.shell:Creating environment hook '/home/ubuntu/thu_mavi_eurovision/install/turtlebot4_python_tutorials/share/turtlebot4_python_tutorials/hook/pythonpath.ps1'
[1.824s] INFO:colcon.colcon_core.shell:Creating environment descriptor '/home/ubuntu/thu_mavi_eurovision/install/turtlebot4_python_tutorials/share/turtlebot4_python_tutorials/hook/pythonpath.dsv'
[1.824s] INFO:colcon.colcon_core.shell:Creating environment hook '/home/ubuntu/thu_mavi_eurovision/install/turtlebot4_python_tutorials/share/turtlebot4_python_tutorials/hook/pythonpath.sh'
[1.825s] Level 1:colcon.colcon_core.environment:checking '/home/ubuntu/thu_mavi_eurovision/install/turtlebot4_python_tutorials/bin'
[1.828s] Level 1:colcon.colcon_core.environment:create_environment_scripts_only(turtlebot4_python_tutorials)
[1.829s] INFO:colcon.colcon_core.shell:Creating package script '/home/ubuntu/thu_mavi_eurovision/install/turtlebot4_python_tutorials/share/turtlebot4_python_tutorials/package.ps1'
[1.830s] INFO:colcon.colcon_core.shell:Creating package descriptor '/home/ubuntu/thu_mavi_eurovision/install/turtlebot4_python_tutorials/share/turtlebot4_python_tutorials/package.dsv'
[1.830s] INFO:colcon.colcon_core.shell:Creating package script '/home/ubuntu/thu_mavi_eurovision/install/turtlebot4_python_tutorials/share/turtlebot4_python_tutorials/package.sh'
[1.831s] INFO:colcon.colcon_core.shell:Creating package script '/home/ubuntu/thu_mavi_eurovision/install/turtlebot4_python_tutorials/share/turtlebot4_python_tutorials/package.bash'
[1.831s] INFO:colcon.colcon_core.shell:Creating package script '/home/ubuntu/thu_mavi_eurovision/install/turtlebot4_python_tutorials/share/turtlebot4_python_tutorials/package.zsh'
[1.832s] Level 1:colcon.colcon_core.environment:create_file_with_runtime_dependencies(/home/ubuntu/thu_mavi_eurovision/install/turtlebot4_python_tutorials/share/colcon-core/packages/turtlebot4_python_tutorials)
[1.837s] DEBUG:colcon.colcon_parallel_executor.executor.parallel:closing loop
[1.837s] DEBUG:colcon.colcon_parallel_executor.executor.parallel:loop closed
[1.837s] DEBUG:colcon.colcon_parallel_executor.executor.parallel:run_until_complete finished with '0'
[1.837s] DEBUG:colcon.colcon_core.event_reactor:joining thread
[1.844s] INFO:colcon.colcon_core.plugin_system:Skipping extension 'colcon_notification.desktop_notification.terminal_notifier': Not used on non-Darwin systems
[1.845s] INFO:colcon.colcon_core.plugin_system:Skipping extension 'colcon_notification.desktop_notification.win32': Not used on non-Windows systems
[1.845s] INFO:colcon.colcon_notification.desktop_notification:Sending desktop notification using 'notify2'
[1.863s] DEBUG:colcon.colcon_core.event_reactor:joined thread
[1.864s] INFO:colcon.colcon_core.shell:Creating prefix script '/home/ubuntu/thu_mavi_eurovision/install/local_setup.ps1'
[1.865s] INFO:colcon.colcon_core.shell:Creating prefix util module '/home/ubuntu/thu_mavi_eurovision/install/_local_setup_util_ps1.py'
[1.866s] INFO:colcon.colcon_core.shell:Creating prefix chain script '/home/ubuntu/thu_mavi_eurovision/install/setup.ps1'
[1.867s] INFO:colcon.colcon_core.shell:Creating prefix script '/home/ubuntu/thu_mavi_eurovision/install/local_setup.sh'
[1.877s] INFO:colcon.colcon_core.shell:Creating prefix util module '/home/ubuntu/thu_mavi_eurovision/install/_local_setup_util_sh.py'
[1.878s] INFO:colcon.colcon_core.shell:Creating prefix chain script '/home/ubuntu/thu_mavi_eurovision/install/setup.sh'
[1.885s] INFO:colcon.colcon_core.shell:Creating prefix script '/home/ubuntu/thu_mavi_eurovision/install/local_setup.bash'
[1.886s] INFO:colcon.colcon_core.shell:Creating prefix chain script '/home/ubuntu/thu_mavi_eurovision/install/setup.bash'
[1.887s] INFO:colcon.colcon_core.shell:Creating prefix script '/home/ubuntu/thu_mavi_eurovision/install/local_setup.zsh'
[1.887s] INFO:colcon.colcon_core.shell:Creating prefix chain script '/home/ubuntu/thu_mavi_eurovision/install/setup.zsh'
