running develop
/usr/lib/python3/dist-packages/setuptools/command/easy_install.py:158: EasyInstallDeprecationWarning: easy_install command is deprecated. Use build and pip and other standards-based tools.
  warnings.warn(
/usr/lib/python3/dist-packages/setuptools/command/install.py:34: SetuptoolsDeprecationWarning: setup.py install is deprecated. Use build and pip and other standards-based tools.
  warnings.warn(
/usr/lib/python3/dist-packages/pkg_resources/__init__.py:116: PkgResourcesDeprecationWarning: 1.16.0-unknown is an invalid version and will not be supported in a future release
  warnings.warn(
/usr/lib/python3/dist-packages/pkg_resources/__init__.py:116: PkgResourcesDeprecationWarning: 1.1build1 is an invalid version and will not be supported in a future release
  warnings.warn(
/usr/lib/python3/dist-packages/pkg_resources/__init__.py:116: PkgResourcesDeprecationWarning: 0.1.43ubuntu1 is an invalid version and will not be supported in a future release
  warnings.warn(
running egg_info
writing turtlebot4_python_tutorials.egg-info/PKG-INFO
writing dependency_links to turtlebot4_python_tutorials.egg-info/dependency_links.txt
writing entry points to turtlebot4_python_tutorials.egg-info/entry_points.txt
writing requirements to turtlebot4_python_tutorials.egg-info/requires.txt
writing top-level names to turtlebot4_python_tutorials.egg-info/top_level.txt
reading manifest file 'turtlebot4_python_tutorials.egg-info/SOURCES.txt'
writing manifest file 'turtlebot4_python_tutorials.egg-info/SOURCES.txt'
running build_ext
Creating /home/ubuntu/thu_mavi_eurovision/install/turtlebot4_python_tutorials/lib/python3.10/site-packages/turtlebot4-python-tutorials.egg-link (link to .)
Installing turtlebot4_first_python_node script to /home/ubuntu/thu_mavi_eurovision/install/turtlebot4_python_tutorials/lib/turtlebot4_python_tutorials

Installed /home/ubuntu/thu_mavi_eurovision/build/turtlebot4_python_tutorials
running install_data
