[0.852s] Invoking command in '/home/ubuntu/thu_mavi_eurovision/build/turtlebot4_python_tutorials': PYTHONPATH=/home/ubuntu/thu_mavi_eurovision/build/turtlebot4_python_tutorials/prefix_override:/home/ubuntu/thu_mavi_eurovision/install/turtlebot4_python_tutorials/lib/python3.10/site-packages:${PYTHONPATH} /usr/bin/python3 setup.py develop --editable --build-directory /home/ubuntu/thu_mavi_eurovision/build/turtlebot4_python_tutorials/build --no-deps install_data
[1.209s] running develop
[1.209s] /usr/lib/python3/dist-packages/setuptools/command/easy_install.py:158: EasyInstallDeprecationWarning: easy_install command is deprecated. Use build and pip and other standards-based tools.
[1.209s]   warnings.warn(
[1.210s] /usr/lib/python3/dist-packages/setuptools/command/install.py:34: SetuptoolsDeprecationWarning: setup.py install is deprecated. Use build and pip and other standards-based tools.
[1.213s]   warnings.warn(
[1.273s] /usr/lib/python3/dist-packages/pkg_resources/__init__.py:116: PkgResourcesDeprecationWarning: 1.16.0-unknown is an invalid version and will not be supported in a future release
[1.273s]   warnings.warn(
[1.273s] /usr/lib/python3/dist-packages/pkg_resources/__init__.py:116: PkgResourcesDeprecationWarning: 1.1build1 is an invalid version and will not be supported in a future release
[1.273s]   warnings.warn(
[1.274s] /usr/lib/python3/dist-packages/pkg_resources/__init__.py:116: PkgResourcesDeprecationWarning: 0.1.43ubuntu1 is an invalid version and will not be supported in a future release
[1.274s]   warnings.warn(
[1.385s] running egg_info
[1.385s] writing turtlebot4_python_tutorials.egg-info/PKG-INFO
[1.385s] writing dependency_links to turtlebot4_python_tutorials.egg-info/dependency_links.txt
[1.386s] writing entry points to turtlebot4_python_tutorials.egg-info/entry_points.txt
[1.386s] writing requirements to turtlebot4_python_tutorials.egg-info/requires.txt
[1.386s] writing top-level names to turtlebot4_python_tutorials.egg-info/top_level.txt
[1.389s] reading manifest file 'turtlebot4_python_tutorials.egg-info/SOURCES.txt'
[1.393s] writing manifest file 'turtlebot4_python_tutorials.egg-info/SOURCES.txt'
[1.394s] running build_ext
[1.394s] Creating /home/ubuntu/thu_mavi_eurovision/install/turtlebot4_python_tutorials/lib/python3.10/site-packages/turtlebot4-python-tutorials.egg-link (link to .)
[1.395s] Installing turtlebot4_first_python_node script to /home/ubuntu/thu_mavi_eurovision/install/turtlebot4_python_tutorials/lib/turtlebot4_python_tutorials
[1.395s] 
[1.395s] Installed /home/ubuntu/thu_mavi_eurovision/build/turtlebot4_python_tutorials
[1.395s] running install_data
[1.448s] Invoked command in '/home/ubuntu/thu_mavi_eurovision/build/turtlebot4_python_tutorials' returned '0': PYTHONPATH=/home/ubuntu/thu_mavi_eurovision/build/turtlebot4_python_tutorials/prefix_override:/home/ubuntu/thu_mavi_eurovision/install/turtlebot4_python_tutorials/lib/python3.10/site-packages:${PYTHONPATH} /usr/bin/python3 setup.py develop --editable --build-directory /home/ubuntu/thu_mavi_eurovision/build/turtlebot4_python_tutorials/build --no-deps install_data
