[0.832s] Invoking command in '/home/ubuntu/thu_mavi_eurovision/build/turtlebot4_python_move': PYTHONPATH=/home/ubuntu/thu_mavi_eurovision/build/turtlebot4_python_move/prefix_override:/home/ubuntu/thu_mavi_eurovision/install/turtlebot4_python_move/lib/python3.10/site-packages:${PYTHONPATH} /usr/bin/python3 setup.py develop --editable --build-directory /home/ubuntu/thu_mavi_eurovision/build/turtlebot4_python_move/build --no-deps install_data
[1.136s] running develop
[1.140s] /usr/lib/python3/dist-packages/setuptools/command/easy_install.py:158: EasyInstallDeprecationWarning: easy_install command is deprecated. Use build and pip and other standards-based tools.
[1.140s]   warnings.warn(
[1.141s] /usr/lib/python3/dist-packages/setuptools/command/install.py:34: SetuptoolsDeprecationWarning: setup.py install is deprecated. Use build and pip and other standards-based tools.
[1.141s]   warnings.warn(
[1.223s] /usr/lib/python3/dist-packages/pkg_resources/__init__.py:116: PkgResourcesDeprecationWarning: 1.16.0-unknown is an invalid version and will not be supported in a future release
[1.223s]   warnings.warn(
[1.224s] /usr/lib/python3/dist-packages/pkg_resources/__init__.py:116: PkgResourcesDeprecationWarning: 1.1build1 is an invalid version and will not be supported in a future release
[1.228s]   warnings.warn(
[1.228s] /usr/lib/python3/dist-packages/pkg_resources/__init__.py:116: PkgResourcesDeprecationWarning: 0.1.43ubuntu1 is an invalid version and will not be supported in a future release
[1.228s]   warnings.warn(
[1.362s] running egg_info
[1.362s] writing turtlebot4_python_move.egg-info/PKG-INFO
[1.362s] writing dependency_links to turtlebot4_python_move.egg-info/dependency_links.txt
[1.363s] writing entry points to turtlebot4_python_move.egg-info/entry_points.txt
[1.363s] writing requirements to turtlebot4_python_move.egg-info/requires.txt
[1.364s] writing top-level names to turtlebot4_python_move.egg-info/top_level.txt
[1.368s] reading manifest file 'turtlebot4_python_move.egg-info/SOURCES.txt'
[1.368s] writing manifest file 'turtlebot4_python_move.egg-info/SOURCES.txt'
[1.370s] running build_ext
[1.372s] Creating /home/ubuntu/thu_mavi_eurovision/install/turtlebot4_python_move/lib/python3.10/site-packages/turtlebot4-python-move.egg-link (link to .)
[1.373s] Installing turtlebot4_python_move_node script to /home/ubuntu/thu_mavi_eurovision/install/turtlebot4_python_move/lib/turtlebot4_python_move
[1.373s] 
[1.373s] Installed /home/ubuntu/thu_mavi_eurovision/build/turtlebot4_python_move
[1.373s] running install_data
[1.418s] Invoked command in '/home/ubuntu/thu_mavi_eurovision/build/turtlebot4_python_move' returned '0': PYTHONPATH=/home/ubuntu/thu_mavi_eurovision/build/turtlebot4_python_move/prefix_override:/home/ubuntu/thu_mavi_eurovision/install/turtlebot4_python_move/lib/python3.10/site-packages:${PYTHONPATH} /usr/bin/python3 setup.py develop --editable --build-directory /home/ubuntu/thu_mavi_eurovision/build/turtlebot4_python_move/build --no-deps install_data
