running develop
running egg_info
creating turtlebot4_python_tutorials.egg-info
writing turtlebot4_python_tutorials.egg-info/PKG-INFO
writing dependency_links to turtlebot4_python_tutorials.egg-info/dependency_links.txt
writing entry points to turtlebot4_python_tutorials.egg-info/entry_points.txt
writing requirements to turtlebot4_python_tutorials.egg-info/requires.txt
writing top-level names to turtlebot4_python_tutorials.egg-info/top_level.txt
writing manifest file 'turtlebot4_python_tutorials.egg-info/SOURCES.txt'
reading manifest file 'turtlebot4_python_tutorials.egg-info/SOURCES.txt'
writing manifest file 'turtlebot4_python_tutorials.egg-info/SOURCES.txt'
running build_ext
Creating /home/ubuntu/thu_mavi_eurovision/install/turtlebot4_python_tutorials/lib/python3.10/site-packages/turtlebot4-python-tutorials.egg-link (link to .)
Installing turtlebot4_first_python_node script to /home/ubuntu/thu_mavi_eurovision/install/turtlebot4_python_tutorials/lib/turtlebot4_python_tutorials

Installed /home/ubuntu/thu_mavi_eurovision/build/turtlebot4_python_tutorials
running install_data
creating /home/ubuntu/thu_mavi_eurovision/install/turtlebot4_python_tutorials/share/ament_index
creating /home/ubuntu/thu_mavi_eurovision/install/turtlebot4_python_tutorials/share/ament_index/resource_index
creating /home/ubuntu/thu_mavi_eurovision/install/turtlebot4_python_tutorials/share/ament_index/resource_index/packages
copying resource/turtlebot4_python_tutorials -> /home/ubuntu/thu_mavi_eurovision/install/turtlebot4_python_tutorials/share/ament_index/resource_index/packages
copying package.xml -> /home/ubuntu/thu_mavi_eurovision/install/turtlebot4_python_tutorials/share/turtlebot4_python_tutorials
