[1.879s] Invoking command in '/home/ubuntu/thu_mavi_eurovision/build/turtlebot4_python_tutorials': PYTHONPATH=/home/ubuntu/thu_mavi_eurovision/build/turtlebot4_python_tutorials/prefix_override:/home/ubuntu/thu_mavi_eurovision/install/turtlebot4_python_tutorials/lib/python3.10/site-packages:${PYTHONPATH} /usr/bin/python3 setup.py develop --editable --build-directory /home/ubuntu/thu_mavi_eurovision/build/turtlebot4_python_tutorials/build --no-deps install_data
[2.621s] running develop
[2.622s] /usr/lib/python3/dist-packages/setuptools/command/easy_install.py:158: EasyInstallDeprecationWarning: easy_install command is deprecated. Use build and pip and other standards-based tools.
[2.622s]   warnings.warn(
[2.628s] /usr/lib/python3/dist-packages/setuptools/command/install.py:34: SetuptoolsDeprecationWarning: setup.py install is deprecated. Use build and pip and other standards-based tools.
[2.628s]   warnings.warn(
[2.788s] /usr/lib/python3/dist-packages/pkg_resources/__init__.py:116: PkgResourcesDeprecationWarning: 1.16.0-unknown is an invalid version and will not be supported in a future release
[2.788s]   warnings.warn(
[2.788s] /usr/lib/python3/dist-packages/pkg_resources/__init__.py:116: PkgResourcesDeprecationWarning: 1.1build1 is an invalid version and will not be supported in a future release
[2.788s]   warnings.warn(
[2.791s] /usr/lib/python3/dist-packages/pkg_resources/__init__.py:116: PkgResourcesDeprecationWarning: 0.1.43ubuntu1 is an invalid version and will not be supported in a future release
[2.791s]   warnings.warn(
[3.083s] running egg_info
[3.084s] creating turtlebot4_python_tutorials.egg-info
[3.087s] writing turtlebot4_python_tutorials.egg-info/PKG-INFO
[3.088s] writing dependency_links to turtlebot4_python_tutorials.egg-info/dependency_links.txt
[3.089s] writing entry points to turtlebot4_python_tutorials.egg-info/entry_points.txt
[3.090s] writing requirements to turtlebot4_python_tutorials.egg-info/requires.txt
[3.090s] writing top-level names to turtlebot4_python_tutorials.egg-info/top_level.txt
[3.091s] writing manifest file 'turtlebot4_python_tutorials.egg-info/SOURCES.txt'
[3.095s] reading manifest file 'turtlebot4_python_tutorials.egg-info/SOURCES.txt'
[3.099s] writing manifest file 'turtlebot4_python_tutorials.egg-info/SOURCES.txt'
[3.101s] running build_ext
[3.101s] Creating /home/ubuntu/thu_mavi_eurovision/install/turtlebot4_python_tutorials/lib/python3.10/site-packages/turtlebot4-python-tutorials.egg-link (link to .)
[3.104s] Installing turtlebot4_first_python_node script to /home/ubuntu/thu_mavi_eurovision/install/turtlebot4_python_tutorials/lib/turtlebot4_python_tutorials
[3.104s] 
[3.105s] Installed /home/ubuntu/thu_mavi_eurovision/build/turtlebot4_python_tutorials
[3.107s] running install_data
[3.111s] creating /home/ubuntu/thu_mavi_eurovision/install/turtlebot4_python_tutorials/share/ament_index
[3.112s] creating /home/ubuntu/thu_mavi_eurovision/install/turtlebot4_python_tutorials/share/ament_index/resource_index
[3.112s] creating /home/ubuntu/thu_mavi_eurovision/install/turtlebot4_python_tutorials/share/ament_index/resource_index/packages
[3.112s] copying resource/turtlebot4_python_tutorials -> /home/ubuntu/thu_mavi_eurovision/install/turtlebot4_python_tutorials/share/ament_index/resource_index/packages
[3.113s] copying package.xml -> /home/ubuntu/thu_mavi_eurovision/install/turtlebot4_python_tutorials/share/turtlebot4_python_tutorials
[3.237s] Invoked command in '/home/ubuntu/thu_mavi_eurovision/build/turtlebot4_python_tutorials' returned '0': PYTHONPATH=/home/ubuntu/thu_mavi_eurovision/build/turtlebot4_python_tutorials/prefix_override:/home/ubuntu/thu_mavi_eurovision/install/turtlebot4_python_tutorials/lib/python3.10/site-packages:${PYTHONPATH} /usr/bin/python3 setup.py develop --editable --build-directory /home/ubuntu/thu_mavi_eurovision/build/turtlebot4_python_tutorials/build --no-deps install_data
